2025-06-22 01:03:48 [main] INFO  c.e.s.StringbootAppApplication - Starting StringbootAppApplication using Java 21.0.6 with PID 10296 (C:\Users\ning\Desktop\研修関連\2J-Ateam-training\stringboot-app\target\classes started by ning in C:\Users\ning\Desktop\研修関連\2J-Ateam-training\stringboot-app)
2025-06-22 01:03:48 [main] INFO  c.e.s.StringbootAppApplication - No active profile set, falling back to 1 default profile: "default"
2025-06-22 01:03:52 [main] INFO  o.s.d.r.c.RepositoryConfigurationDelegate - Bootstrapping Spring Data JPA repositories in DEFAULT mode.
2025-06-22 01:03:53 [main] INFO  o.s.d.r.c.RepositoryConfigurationDelegate - Finished Spring Data repository scanning in 202 ms. Found 2 JPA repository interfaces.
2025-06-22 01:03:54 [main] INFO  o.s.b.w.e.tomcat.TomcatWebServer - Tomcat initialized with port 8080 (http)
2025-06-22 01:03:54 [main] INFO  o.a.catalina.core.StandardService - Starting service [Tomcat]
2025-06-22 01:03:54 [main] INFO  o.a.catalina.core.StandardEngine - Starting Servlet engine: [Apache Tomcat/10.1.41]
2025-06-22 01:03:55 [main] INFO  o.a.c.c.C.[Tomcat].[localhost].[/] - Initializing Spring embedded WebApplicationContext
2025-06-22 01:03:55 [main] INFO  o.s.b.w.s.c.ServletWebServerApplicationContext - Root WebApplicationContext: initialization completed in 6619 ms
2025-06-22 01:03:56 [main] INFO  o.h.jpa.internal.util.LogHelper - HHH000204: Processing PersistenceUnitInfo [name: default]
2025-06-22 01:03:56 [main] INFO  org.hibernate.Version - HHH000412: Hibernate ORM core version 6.6.15.Final
2025-06-22 01:03:56 [main] INFO  o.h.c.i.RegionFactoryInitiator - HHH000026: Second-level cache disabled
2025-06-22 01:03:57 [main] INFO  o.s.o.j.p.SpringPersistenceUnitInfo - No LoadTimeWeaver setup: ignoring JPA class transformer
2025-06-22 01:03:57 [main] INFO  com.zaxxer.hikari.HikariDataSource - HikariPool-1 - Starting...
2025-06-22 01:03:58 [main] INFO  com.zaxxer.hikari.pool.HikariPool - HikariPool-1 - Added connection org.postgresql.jdbc.PgConnection@25823192
2025-06-22 01:03:58 [main] INFO  com.zaxxer.hikari.HikariDataSource - HikariPool-1 - Start completed.
2025-06-22 01:03:58 [main] WARN  org.hibernate.orm.deprecation - HHH90000025: PostgreSQLDialect does not need to be specified explicitly using 'hibernate.dialect' (remove the property setting and it will be selected by default)
2025-06-22 01:03:58 [main] INFO  o.hibernate.orm.connections.pooling - HHH10001005: Database info:
	Database JDBC URL [Connecting through datasource 'HikariDataSource (HikariPool-1)']
	Database driver: undefined/unknown
	Database version: 17.5
	Autocommit mode: undefined/unknown
	Isolation level: undefined/unknown
	Minimum pool size: undefined/unknown
	Maximum pool size: undefined/unknown
2025-06-22 01:04:01 [main] INFO  o.h.e.t.j.p.i.JtaPlatformInitiator - HHH000489: No JTA platform available (set 'hibernate.transaction.jta.platform' to enable JTA platform integration)
2025-06-22 01:04:01 [main] INFO  o.s.o.j.LocalContainerEntityManagerFactoryBean - Initialized JPA EntityManagerFactory for persistence unit 'default'
2025-06-22 01:04:02 [main] WARN  o.s.b.a.o.j.JpaBaseConfiguration$JpaWebConfiguration - spring.jpa.open-in-view is enabled by default. Therefore, database queries may be performed during view rendering. Explicitly configure spring.jpa.open-in-view to disable this warning
2025-06-22 01:04:04 [main] INFO  o.s.b.a.e.web.EndpointLinksResolver - Exposing 7 endpoints beneath base path '/actuator'
2025-06-22 01:04:04 [main] INFO  o.s.b.w.e.tomcat.TomcatWebServer - Tomcat started on port 8080 (http) with context path '/'
2025-06-22 01:04:04 [main] INFO  c.e.s.StringbootAppApplication - Started StringbootAppApplication in 18.376 seconds (process running for 19.96)
2025-06-22 01:04:05 [RMI TCP Connection(2)-127.0.0.1] INFO  o.a.c.c.C.[Tomcat].[localhost].[/] - Initializing Spring DispatcherServlet 'dispatcherServlet'
2025-06-22 01:04:05 [RMI TCP Connection(2)-127.0.0.1] INFO  o.s.web.servlet.DispatcherServlet - Initializing Servlet 'dispatcherServlet'
2025-06-22 01:04:05 [RMI TCP Connection(2)-127.0.0.1] INFO  o.s.web.servlet.DispatcherServlet - Completed initialization in 3 ms
2025-06-22 01:04:16 [http-nio-8080-exec-1] DEBUG org.hibernate.SQL - 
    select
        p1_0.id,
        p1_0.question,
        p1_0.thcount 
    from
        polls p1_0 
    order by
        p1_0.id
2025-06-22 01:07:54 [http-nio-8080-exec-4] DEBUG org.hibernate.SQL - 
    select
        p1_0.id,
        p1_0.question,
        p1_0.thcount 
    from
        polls p1_0 
    where
        p1_0.id=?
2025-06-22 01:07:54 [http-nio-8080-exec-4] DEBUG org.hibernate.SQL - 
    select
        p1_0.id,
        p1_0.question,
        p1_0.thcount 
    from
        polls p1_0 
    where
        p1_0.id=?
2025-06-22 01:07:54 [http-nio-8080-exec-4] DEBUG org.hibernate.SQL - 
    update
        polls 
    set
        question=?,
        thcount=? 
    where
        id=?
2025-06-22 01:07:54 [http-nio-8080-exec-4] DEBUG org.hibernate.SQL - 
    select
        p1_0.id,
        p1_0.question,
        p1_0.thcount 
    from
        polls p1_0 
    where
        p1_0.id=?
2025-06-22 01:07:54 [http-nio-8080-exec-4] DEBUG org.hibernate.SQL - 
    update
        polls 
    set
        question=?,
        thcount=? 
    where
        id=?
2025-06-22 01:08:20 [http-nio-8080-exec-5] DEBUG org.hibernate.SQL - 
    select
        p1_0.id,
        p1_0.question,
        p1_0.thcount 
    from
        polls p1_0 
    order by
        p1_0.id
2025-06-22 01:08:24 [http-nio-8080-exec-6] DEBUG org.hibernate.SQL - 
    select
        p1_0.id,
        p1_0.question,
        p1_0.thcount 
    from
        polls p1_0 
    order by
        p1_0.id
2025-06-22 21:55:18 [http-nio-8080-exec-8] DEBUG org.hibernate.SQL - 
    select
        p1_0.id,
        p1_0.question,
        p1_0.thcount 
    from
        polls p1_0 
    order by
        p1_0.id
