2025-06-23 01:22:39 [http-nio-8080-exec-10] DEBUG org.hibernate.SQL - 
    select
        p1_0.id,
        p1_0.question,
        p1_0.thcount 
    from
        polls p1_0 
    order by
        p1_0.id
2025-06-23 01:22:51 [http-nio-8080-exec-1] DEBUG org.hibernate.SQL - 
    select
        p1_0.id,
        p1_0.question,
        p1_0.thcount 
    from
        polls p1_0 
    order by
        p1_0.id
2025-06-23 01:23:03 [http-nio-8080-exec-2] DEBUG org.hibernate.SQL - 
    select
        p1_0.id,
        p1_0.question,
        p1_0.thcount 
    from
        polls p1_0 
    order by
        p1_0.id
2025-06-23 01:23:15 [http-nio-8080-exec-4] DEBUG org.hibernate.SQL - 
    select
        p1_0.id,
        p1_0.question,
        p1_0.thcount 
    from
        polls p1_0 
    where
        p1_0.id=?
2025-06-23 01:23:16 [http-nio-8080-exec-4] DEBUG org.hibernate.SQL - 
    update
        polls 
    set
        question=?,
        thcount=? 
    where
        id=?
2025-06-23 01:23:16 [http-nio-8080-exec-4] DEBUG org.hibernate.SQL - 
    select
        p1_0.id,
        p1_0.question,
        p1_0.thcount 
    from
        polls p1_0 
    where
        p1_0.id=?
2025-06-23 01:23:16 [http-nio-8080-exec-4] DEBUG org.hibernate.SQL - 
    update
        polls 
    set
        question=?,
        thcount=? 
    where
        id=?
2025-06-23 01:23:16 [http-nio-8080-exec-4] DEBUG org.hibernate.SQL - 
    select
        p1_0.id,
        p1_0.question,
        p1_0.thcount 
    from
        polls p1_0 
    where
        p1_0.id=?
2025-06-23 01:23:16 [http-nio-8080-exec-4] DEBUG org.hibernate.SQL - 
    update
        polls 
    set
        question=?,
        thcount=? 
    where
        id=?
2025-06-23 01:23:22 [http-nio-8080-exec-5] DEBUG org.hibernate.SQL - 
    select
        p1_0.id,
        p1_0.question,
        p1_0.thcount 
    from
        polls p1_0 
    order by
        p1_0.id
2025-06-23 01:23:28 [http-nio-8080-exec-6] DEBUG org.hibernate.SQL - 
    select
        p1_0.id,
        p1_0.question,
        p1_0.thcount 
    from
        polls p1_0 
    order by
        p1_0.id
2025-06-23 01:24:33 [http-nio-8080-exec-8] DEBUG org.hibernate.SQL - 
    select
        p1_0.id,
        p1_0.question,
        p1_0.thcount 
    from
        polls p1_0 
    order by
        p1_0.id
2025-06-23 01:33:45 [http-nio-8080-exec-10] DEBUG org.hibernate.SQL - 
    select
        p1_0.id,
        p1_0.question,
        p1_0.thcount 
    from
        polls p1_0 
    order by
        p1_0.id
2025-06-23 01:33:49 [http-nio-8080-exec-1] DEBUG org.hibernate.SQL - 
    select
        p1_0.id,
        p1_0.question,
        p1_0.thcount 
    from
        polls p1_0 
    where
        p1_0.id=?
2025-06-23 01:33:49 [http-nio-8080-exec-1] DEBUG org.hibernate.SQL - 
    update
        polls 
    set
        question=?,
        thcount=? 
    where
        id=?
2025-06-23 01:33:49 [http-nio-8080-exec-1] DEBUG org.hibernate.SQL - 
    select
        p1_0.id,
        p1_0.question,
        p1_0.thcount 
    from
        polls p1_0 
    where
        p1_0.id=?
2025-06-23 01:33:49 [http-nio-8080-exec-1] DEBUG org.hibernate.SQL - 
    update
        polls 
    set
        question=?,
        thcount=? 
    where
        id=?
2025-06-23 01:33:49 [http-nio-8080-exec-1] DEBUG org.hibernate.SQL - 
    select
        p1_0.id,
        p1_0.question,
        p1_0.thcount 
    from
        polls p1_0 
    where
        p1_0.id=?
2025-06-23 01:38:06 [http-nio-8080-exec-3] DEBUG org.hibernate.SQL - 
    select
        p1_0.id,
        p1_0.question,
        p1_0.thcount 
    from
        polls p1_0 
    order by
        p1_0.id
2025-06-23 01:38:54 [http-nio-8080-exec-4] DEBUG org.hibernate.SQL - 
    select
        p1_0.id,
        p1_0.question,
        p1_0.thcount 
    from
        polls p1_0 
    order by
        p1_0.id
2025-06-23 01:41:44 [http-nio-8080-exec-6] DEBUG org.hibernate.SQL - 
    select
        p1_0.id,
        p1_0.question,
        p1_0.thcount 
    from
        polls p1_0 
    order by
        p1_0.id
2025-06-23 01:42:00 [http-nio-8080-exec-7] DEBUG org.hibernate.SQL - 
    select
        p1_0.id,
        p1_0.question,
        p1_0.thcount 
    from
        polls p1_0 
    order by
        p1_0.id
2025-06-23 01:42:08 [http-nio-8080-exec-8] DEBUG org.hibernate.SQL - 
    select
        p1_0.id,
        p1_0.question,
        p1_0.thcount 
    from
        polls p1_0 
    order by
        p1_0.id
2025-06-23 01:42:11 [http-nio-8080-exec-9] DEBUG org.hibernate.SQL - 
    select
        p1_0.id,
        p1_0.question,
        p1_0.thcount 
    from
        polls p1_0 
    where
        p1_0.id=?
2025-06-23 01:42:11 [http-nio-8080-exec-9] DEBUG org.hibernate.SQL - 
    select
        p1_0.id,
        p1_0.question,
        p1_0.thcount 
    from
        polls p1_0 
    where
        p1_0.id=?
2025-06-23 01:42:11 [http-nio-8080-exec-9] DEBUG org.hibernate.SQL - 
    select
        p1_0.id,
        p1_0.question,
        p1_0.thcount 
    from
        polls p1_0 
    where
        p1_0.id=?
2025-06-23 01:42:16 [http-nio-8080-exec-10] DEBUG org.hibernate.SQL - 
    select
        p1_0.id,
        p1_0.question,
        p1_0.thcount 
    from
        polls p1_0 
    where
        p1_0.id=?
2025-06-23 01:42:16 [http-nio-8080-exec-10] DEBUG org.hibernate.SQL - 
    select
        p1_0.id,
        p1_0.question,
        p1_0.thcount 
    from
        polls p1_0 
    where
        p1_0.id=?
2025-06-23 01:42:16 [http-nio-8080-exec-10] DEBUG org.hibernate.SQL - 
    update
        polls 
    set
        question=?,
        thcount=? 
    where
        id=?
2025-06-23 01:42:16 [http-nio-8080-exec-10] DEBUG org.hibernate.SQL - 
    select
        p1_0.id,
        p1_0.question,
        p1_0.thcount 
    from
        polls p1_0 
    where
        p1_0.id=?
2025-06-23 01:42:16 [http-nio-8080-exec-10] DEBUG org.hibernate.SQL - 
    update
        polls 
    set
        question=?,
        thcount=? 
    where
        id=?
2025-06-23 01:42:19 [http-nio-8080-exec-1] DEBUG org.hibernate.SQL - 
    select
        p1_0.id,
        p1_0.question,
        p1_0.thcount 
    from
        polls p1_0 
    order by
        p1_0.id
2025-06-23 01:43:47 [http-nio-8080-exec-3] DEBUG org.hibernate.SQL - 
    select
        p1_0.id,
        p1_0.question,
        p1_0.thcount 
    from
        polls p1_0 
    order by
        p1_0.id
2025-06-23 01:48:03 [http-nio-8080-exec-5] DEBUG org.hibernate.SQL - 
    select
        p1_0.id,
        p1_0.question,
        p1_0.thcount 
    from
        polls p1_0 
    order by
        p1_0.id
2025-06-23 01:48:05 [http-nio-8080-exec-6] DEBUG org.hibernate.SQL - 
    select
        p1_0.id,
        p1_0.question,
        p1_0.thcount 
    from
        polls p1_0 
    order by
        p1_0.id
2025-06-23 01:48:09 [http-nio-8080-exec-7] DEBUG org.hibernate.SQL - 
    select
        p1_0.id,
        p1_0.question,
        p1_0.thcount 
    from
        polls p1_0 
    where
        p1_0.id=?
2025-06-23 01:48:09 [http-nio-8080-exec-7] DEBUG org.hibernate.SQL - 
    select
        p1_0.id,
        p1_0.question,
        p1_0.thcount 
    from
        polls p1_0 
    where
        p1_0.id=?
2025-06-23 01:48:09 [http-nio-8080-exec-7] DEBUG org.hibernate.SQL - 
    update
        polls 
    set
        question=?,
        thcount=? 
    where
        id=?
2025-06-23 01:48:09 [http-nio-8080-exec-7] DEBUG org.hibernate.SQL - 
    select
        p1_0.id,
        p1_0.question,
        p1_0.thcount 
    from
        polls p1_0 
    where
        p1_0.id=?
2025-06-23 01:48:09 [http-nio-8080-exec-7] DEBUG org.hibernate.SQL - 
    update
        polls 
    set
        question=?,
        thcount=? 
    where
        id=?
2025-06-23 01:48:13 [http-nio-8080-exec-8] DEBUG org.hibernate.SQL - 
    select
        p1_0.id,
        p1_0.question,
        p1_0.thcount 
    from
        polls p1_0 
    order by
        p1_0.id
2025-06-23 01:48:26 [http-nio-8080-exec-9] DEBUG org.hibernate.SQL - 
    select
        p1_0.id,
        p1_0.question,
        p1_0.thcount 
    from
        polls p1_0 
    order by
        p1_0.id
2025-06-23 01:48:57 [http-nio-8080-exec-10] DEBUG org.hibernate.SQL - 
    select
        p1_0.id,
        p1_0.question,
        p1_0.thcount 
    from
        polls p1_0 
    order by
        p1_0.id
2025-06-23 01:48:58 [http-nio-8080-exec-1] DEBUG org.hibernate.SQL - 
    select
        p1_0.id,
        p1_0.question,
        p1_0.thcount 
    from
        polls p1_0 
    where
        p1_0.id=?
2025-06-23 01:48:58 [http-nio-8080-exec-1] DEBUG org.hibernate.SQL - 
    select
        p1_0.id,
        p1_0.question,
        p1_0.thcount 
    from
        polls p1_0 
    where
        p1_0.id=?
2025-06-23 01:48:58 [http-nio-8080-exec-1] DEBUG org.hibernate.SQL - 
    select
        p1_0.id,
        p1_0.question,
        p1_0.thcount 
    from
        polls p1_0 
    where
        p1_0.id=?
2025-06-23 01:49:13 [http-nio-8080-exec-2] DEBUG org.hibernate.SQL - 
    select
        p1_0.id,
        p1_0.question,
        p1_0.thcount 
    from
        polls p1_0 
    order by
        p1_0.id
2025-06-23 01:49:16 [http-nio-8080-exec-3] DEBUG org.hibernate.SQL - 
    select
        p1_0.id,
        p1_0.question,
        p1_0.thcount 
    from
        polls p1_0 
    order by
        p1_0.id
2025-06-23 02:01:20 [http-nio-8080-exec-5] DEBUG org.hibernate.SQL - 
    select
        p1_0.id,
        p1_0.question,
        p1_0.thcount 
    from
        polls p1_0 
    order by
        p1_0.id
2025-06-23 02:01:24 [http-nio-8080-exec-7] DEBUG org.hibernate.SQL - 
    select
        p1_0.id,
        p1_0.question,
        p1_0.thcount 
    from
        polls p1_0 
    where
        p1_0.id=?
2025-06-23 02:01:25 [http-nio-8080-exec-7] DEBUG org.hibernate.SQL - 
    select
        p1_0.id,
        p1_0.question,
        p1_0.thcount 
    from
        polls p1_0 
    where
        p1_0.id=?
2025-06-23 02:01:25 [http-nio-8080-exec-7] DEBUG org.hibernate.SQL - 
    update
        polls 
    set
        question=?,
        thcount=? 
    where
        id=?
2025-06-23 02:01:25 [http-nio-8080-exec-7] DEBUG org.hibernate.SQL - 
    select
        p1_0.id,
        p1_0.question,
        p1_0.thcount 
    from
        polls p1_0 
    where
        p1_0.id=?
2025-06-23 02:01:25 [http-nio-8080-exec-7] DEBUG org.hibernate.SQL - 
    update
        polls 
    set
        question=?,
        thcount=? 
    where
        id=?
2025-06-23 02:01:29 [http-nio-8080-exec-8] DEBUG org.hibernate.SQL - 
    select
        p1_0.id,
        p1_0.question,
        p1_0.thcount 
    from
        polls p1_0 
    order by
        p1_0.id
2025-06-23 02:02:47 [http-nio-8080-exec-10] DEBUG org.hibernate.SQL - 
    select
        p1_0.id,
        p1_0.question,
        p1_0.thcount 
    from
        polls p1_0 
    order by
        p1_0.id
2025-06-23 02:03:00 [http-nio-8080-exec-1] DEBUG org.hibernate.SQL - 
    select
        p1_0.id,
        p1_0.question,
        p1_0.thcount 
    from
        polls p1_0 
    order by
        p1_0.id
2025-06-23 02:03:06 [http-nio-8080-exec-2] DEBUG org.hibernate.SQL - 
    select
        p1_0.id,
        p1_0.question,
        p1_0.thcount 
    from
        polls p1_0 
    where
        p1_0.id=?
2025-06-23 02:03:06 [http-nio-8080-exec-2] DEBUG org.hibernate.SQL - 
    update
        polls 
    set
        question=?,
        thcount=? 
    where
        id=?
2025-06-23 02:03:06 [http-nio-8080-exec-2] DEBUG org.hibernate.SQL - 
    select
        p1_0.id,
        p1_0.question,
        p1_0.thcount 
    from
        polls p1_0 
    where
        p1_0.id=?
2025-06-23 02:03:06 [http-nio-8080-exec-2] DEBUG org.hibernate.SQL - 
    update
        polls 
    set
        question=?,
        thcount=? 
    where
        id=?
2025-06-23 02:03:06 [http-nio-8080-exec-2] DEBUG org.hibernate.SQL - 
    select
        p1_0.id,
        p1_0.question,
        p1_0.thcount 
    from
        polls p1_0 
    where
        p1_0.id=?
2025-06-23 02:03:06 [http-nio-8080-exec-2] DEBUG org.hibernate.SQL - 
    update
        polls 
    set
        question=?,
        thcount=? 
    where
        id=?
2025-06-23 02:03:13 [http-nio-8080-exec-3] DEBUG org.hibernate.SQL - 
    select
        p1_0.id,
        p1_0.question,
        p1_0.thcount 
    from
        polls p1_0 
    order by
        p1_0.id
2025-06-23 02:13:37 [http-nio-8080-exec-5] DEBUG org.hibernate.SQL - 
    select
        p1_0.id,
        p1_0.question,
        p1_0.thcount 
    from
        polls p1_0 
    order by
        p1_0.id
2025-06-23 02:13:42 [http-nio-8080-exec-6] DEBUG org.hibernate.SQL - 
    select
        p1_0.id,
        p1_0.question,
        p1_0.thcount 
    from
        polls p1_0 
    order by
        p1_0.id
2025-06-23 02:13:43 [http-nio-8080-exec-8] DEBUG org.hibernate.SQL - 
    select
        p1_0.id,
        p1_0.question,
        p1_0.thcount 
    from
        polls p1_0 
    where
        p1_0.id=?
2025-06-23 02:13:43 [http-nio-8080-exec-8] DEBUG org.hibernate.SQL - 
    select
        p1_0.id,
        p1_0.question,
        p1_0.thcount 
    from
        polls p1_0 
    where
        p1_0.id=?
2025-06-23 02:13:43 [http-nio-8080-exec-8] DEBUG org.hibernate.SQL - 
    select
        p1_0.id,
        p1_0.question,
        p1_0.thcount 
    from
        polls p1_0 
    where
        p1_0.id=?
2025-06-23 02:14:07 [http-nio-8080-exec-9] DEBUG org.hibernate.SQL - 
    select
        p1_0.id,
        p1_0.question,
        p1_0.thcount 
    from
        polls p1_0 
    order by
        p1_0.id
2025-06-23 02:20:20 [http-nio-8080-exec-1] DEBUG org.hibernate.SQL - 
    select
        p1_0.id,
        p1_0.question,
        p1_0.thcount 
    from
        polls p1_0 
    order by
        p1_0.id
2025-06-23 02:25:17 [http-nio-8080-exec-3] DEBUG org.hibernate.SQL - 
    select
        p1_0.id,
        p1_0.question,
        p1_0.thcount 
    from
        polls p1_0 
    order by
        p1_0.id
2025-06-23 02:30:47 [http-nio-8080-exec-5] DEBUG org.hibernate.SQL - 
    select
        p1_0.id,
        p1_0.question,
        p1_0.thcount 
    from
        polls p1_0 
    order by
        p1_0.id
2025-06-23 02:30:51 [http-nio-8080-exec-6] DEBUG org.hibernate.SQL - 
    select
        p1_0.id,
        p1_0.question,
        p1_0.thcount 
    from
        polls p1_0 
    order by
        p1_0.id
2025-06-23 02:30:52 [http-nio-8080-exec-8] DEBUG org.hibernate.SQL - 
    select
        p1_0.id,
        p1_0.question,
        p1_0.thcount 
    from
        polls p1_0 
    where
        p1_0.id=?
2025-06-23 02:30:52 [http-nio-8080-exec-8] DEBUG org.hibernate.SQL - 
    select
        p1_0.id,
        p1_0.question,
        p1_0.thcount 
    from
        polls p1_0 
    where
        p1_0.id=?
2025-06-23 02:30:52 [http-nio-8080-exec-8] DEBUG org.hibernate.SQL - 
    select
        p1_0.id,
        p1_0.question,
        p1_0.thcount 
    from
        polls p1_0 
    where
        p1_0.id=?
2025-06-23 02:34:01 [http-nio-8080-exec-10] DEBUG org.hibernate.SQL - 
    select
        p1_0.id,
        p1_0.question,
        p1_0.thcount 
    from
        polls p1_0 
    order by
        p1_0.id
2025-06-23 02:34:53 [http-nio-8080-exec-1] DEBUG org.hibernate.SQL - 
    select
        p1_0.id,
        p1_0.question,
        p1_0.thcount 
    from
        polls p1_0 
    order by
        p1_0.id
2025-06-23 02:35:03 [http-nio-8080-exec-2] DEBUG org.hibernate.SQL - 
    select
        p1_0.id,
        p1_0.question,
        p1_0.thcount 
    from
        polls p1_0 
    order by
        p1_0.id
2025-06-23 02:35:09 [http-nio-8080-exec-3] DEBUG org.hibernate.SQL - 
    select
        p1_0.id,
        p1_0.question,
        p1_0.thcount 
    from
        polls p1_0 
    order by
        p1_0.id
2025-06-23 02:35:47 [http-nio-8080-exec-4] DEBUG org.hibernate.SQL - 
    select
        p1_0.id,
        p1_0.question,
        p1_0.thcount 
    from
        polls p1_0 
    order by
        p1_0.id
2025-06-23 02:46:26 [http-nio-8080-exec-6] DEBUG org.hibernate.SQL - 
    select
        p1_0.id,
        p1_0.question,
        p1_0.thcount 
    from
        polls p1_0 
    order by
        p1_0.id
2025-06-23 02:46:36 [http-nio-8080-exec-7] DEBUG org.hibernate.SQL - 
    select
        p1_0.id,
        p1_0.question,
        p1_0.thcount 
    from
        polls p1_0 
    where
        p1_0.id=?
2025-06-23 02:46:36 [http-nio-8080-exec-7] DEBUG org.hibernate.SQL - 
    update
        polls 
    set
        question=?,
        thcount=? 
    where
        id=?
2025-06-23 02:46:36 [http-nio-8080-exec-7] DEBUG org.hibernate.SQL - 
    select
        p1_0.id,
        p1_0.question,
        p1_0.thcount 
    from
        polls p1_0 
    where
        p1_0.id=?
2025-06-23 02:46:36 [http-nio-8080-exec-7] DEBUG org.hibernate.SQL - 
    select
        p1_0.id,
        p1_0.question,
        p1_0.thcount 
    from
        polls p1_0 
    where
        p1_0.id=?
2025-06-23 02:46:36 [http-nio-8080-exec-7] DEBUG org.hibernate.SQL - 
    update
        polls 
    set
        question=?,
        thcount=? 
    where
        id=?
2025-06-23 02:48:05 [http-nio-8080-exec-9] DEBUG org.hibernate.SQL - 
    select
        p1_0.id,
        p1_0.question,
        p1_0.thcount 
    from
        polls p1_0 
    order by
        p1_0.id
2025-06-23 02:48:20 [http-nio-8080-exec-1] DEBUG org.hibernate.SQL - 
    select
        p1_0.id,
        p1_0.question,
        p1_0.thcount 
    from
        polls p1_0 
    order by
        p1_0.id
2025-06-23 02:48:24 [http-nio-8080-exec-2] DEBUG org.hibernate.SQL - 
    select
        p1_0.id,
        p1_0.question,
        p1_0.thcount 
    from
        polls p1_0 
    where
        p1_0.id=?
2025-06-23 02:48:24 [http-nio-8080-exec-2] DEBUG org.hibernate.SQL - 
    select
        p1_0.id,
        p1_0.question,
        p1_0.thcount 
    from
        polls p1_0 
    where
        p1_0.id=?
2025-06-23 02:48:24 [http-nio-8080-exec-2] DEBUG org.hibernate.SQL - 
    update
        polls 
    set
        question=?,
        thcount=? 
    where
        id=?
2025-06-23 02:48:24 [http-nio-8080-exec-2] DEBUG org.hibernate.SQL - 
    select
        p1_0.id,
        p1_0.question,
        p1_0.thcount 
    from
        polls p1_0 
    where
        p1_0.id=?
2025-06-23 02:48:24 [http-nio-8080-exec-2] DEBUG org.hibernate.SQL - 
    update
        polls 
    set
        question=?,
        thcount=? 
    where
        id=?
2025-06-23 02:48:28 [http-nio-8080-exec-3] DEBUG org.hibernate.SQL - 
    select
        p1_0.id,
        p1_0.question,
        p1_0.thcount 
    from
        polls p1_0 
    order by
        p1_0.id
2025-06-23 02:48:32 [http-nio-8080-exec-4] DEBUG org.hibernate.SQL - 
    select
        p1_0.id,
        p1_0.question,
        p1_0.thcount 
    from
        polls p1_0 
    order by
        p1_0.id
2025-06-23 02:50:03 [http-nio-8080-exec-6] DEBUG org.hibernate.SQL - 
    select
        p1_0.id,
        p1_0.question,
        p1_0.thcount 
    from
        polls p1_0 
    order by
        p1_0.id
2025-06-23 10:48:17 [http-nio-8080-exec-8] DEBUG org.hibernate.SQL - 
    select
        p1_0.id,
        p1_0.question,
        p1_0.thcount 
    from
        polls p1_0 
    order by
        p1_0.id
2025-06-23 15:20:28 [http-nio-8080-exec-10] DEBUG org.hibernate.SQL - 
    select
        p1_0.id,
        p1_0.question,
        p1_0.thcount 
    from
        polls p1_0 
    order by
        p1_0.id
2025-06-23 15:59:33 [http-nio-8080-exec-2] DEBUG org.hibernate.SQL - 
    select
        p1_0.id,
        p1_0.question,
        p1_0.thcount 
    from
        polls p1_0 
    order by
        p1_0.id
2025-06-23 15:59:34 [http-nio-8080-exec-3] DEBUG org.hibernate.SQL - 
    select
        p1_0.id,
        p1_0.question,
        p1_0.thcount 
    from
        polls p1_0 
    order by
        p1_0.id
2025-06-23 15:59:35 [http-nio-8080-exec-4] DEBUG org.hibernate.SQL - 
    select
        p1_0.id,
        p1_0.question,
        p1_0.thcount 
    from
        polls p1_0 
    order by
        p1_0.id
2025-06-23 15:59:57 [http-nio-8080-exec-5] DEBUG org.hibernate.SQL - 
    select
        p1_0.id,
        p1_0.question,
        p1_0.thcount 
    from
        polls p1_0 
    order by
        p1_0.id
2025-06-23 16:01:29 [http-nio-8080-exec-8] DEBUG org.hibernate.SQL - 
    select
        p1_0.id,
        p1_0.question,
        p1_0.thcount 
    from
        polls p1_0 
    order by
        p1_0.id
2025-06-23 16:01:30 [http-nio-8080-exec-9] DEBUG org.hibernate.SQL - 
    select
        p1_0.id,
        p1_0.question,
        p1_0.thcount 
    from
        polls p1_0 
    order by
        p1_0.id
2025-06-23 16:12:35 [http-nio-8080-exec-1] DEBUG org.hibernate.SQL - 
    select
        p1_0.id,
        p1_0.question,
        p1_0.thcount 
    from
        polls p1_0 
    order by
        p1_0.id
2025-06-23 16:12:35 [http-nio-8080-exec-2] DEBUG org.hibernate.SQL - 
    select
        p1_0.id,
        p1_0.question,
        p1_0.thcount 
    from
        polls p1_0 
    order by
        p1_0.id
2025-06-23 16:12:46 [http-nio-8080-exec-3] DEBUG org.hibernate.SQL - 
    select
        p1_0.id,
        p1_0.question,
        p1_0.thcount 
    from
        polls p1_0 
    order by
        p1_0.id
2025-06-23 16:12:46 [http-nio-8080-exec-4] DEBUG org.hibernate.SQL - 
    select
        p1_0.id,
        p1_0.question,
        p1_0.thcount 
    from
        polls p1_0 
    order by
        p1_0.id
2025-06-23 16:12:50 [http-nio-8080-exec-5] DEBUG org.hibernate.SQL - 
    select
        p1_0.id,
        p1_0.question,
        p1_0.thcount 
    from
        polls p1_0 
    order by
        p1_0.id
2025-06-23 16:13:06 [http-nio-8080-exec-6] DEBUG org.hibernate.SQL - 
    select
        p1_0.id,
        p1_0.question,
        p1_0.thcount 
    from
        polls p1_0 
    order by
        p1_0.id
2025-06-23 16:13:06 [http-nio-8080-exec-7] DEBUG org.hibernate.SQL - 
    select
        p1_0.id,
        p1_0.question,
        p1_0.thcount 
    from
        polls p1_0 
    order by
        p1_0.id
2025-06-23 16:13:23 [http-nio-8080-exec-8] DEBUG org.hibernate.SQL - 
    select
        p1_0.id,
        p1_0.question,
        p1_0.thcount 
    from
        polls p1_0 
    order by
        p1_0.id
2025-06-23 16:13:23 [http-nio-8080-exec-9] DEBUG org.hibernate.SQL - 
    select
        p1_0.id,
        p1_0.question,
        p1_0.thcount 
    from
        polls p1_0 
    order by
        p1_0.id
2025-06-23 16:13:53 [http-nio-8080-exec-1] DEBUG org.hibernate.SQL - 
    select
        p1_0.id,
        p1_0.question,
        p1_0.thcount 
    from
        polls p1_0 
    order by
        p1_0.id
2025-06-23 16:15:08 [http-nio-8080-exec-5] DEBUG org.hibernate.SQL - 
    select
        p1_0.id,
        p1_0.question,
        p1_0.thcount 
    from
        polls p1_0 
    order by
        p1_0.id
2025-06-23 16:15:11 [http-nio-8080-exec-6] DEBUG org.hibernate.SQL - 
    select
        p1_0.id,
        p1_0.question,
        p1_0.thcount 
    from
        polls p1_0 
    order by
        p1_0.id
2025-06-23 16:17:17 [http-nio-8080-exec-8] DEBUG org.hibernate.SQL - 
    select
        p1_0.id,
        p1_0.question,
        p1_0.thcount 
    from
        polls p1_0 
    order by
        p1_0.id
2025-06-23 16:19:25 [http-nio-8080-exec-10] DEBUG org.hibernate.SQL - 
    select
        p1_0.id,
        p1_0.question,
        p1_0.thcount 
    from
        polls p1_0 
    order by
        p1_0.id
2025-06-23 16:29:35 [http-nio-8080-exec-2] DEBUG org.hibernate.SQL - 
    select
        p1_0.id,
        p1_0.question,
        p1_0.thcount 
    from
        polls p1_0 
    order by
        p1_0.id
2025-06-23 16:31:02 [http-nio-8080-exec-4] DEBUG org.hibernate.SQL - 
    select
        p1_0.id,
        p1_0.question,
        p1_0.thcount 
    from
        polls p1_0 
    order by
        p1_0.id
2025-06-23 16:31:10 [http-nio-8080-exec-5] DEBUG org.hibernate.SQL - 
    select
        p1_0.id,
        p1_0.question,
        p1_0.thcount 
    from
        polls p1_0 
    order by
        p1_0.id
2025-06-23 16:31:42 [http-nio-8080-exec-6] DEBUG org.hibernate.SQL - 
    select
        p1_0.id,
        p1_0.question,
        p1_0.thcount 
    from
        polls p1_0 
    order by
        p1_0.id
2025-06-23 16:32:41 [http-nio-8080-exec-7] DEBUG org.hibernate.SQL - 
    select
        p1_0.id,
        p1_0.question,
        p1_0.thcount 
    from
        polls p1_0 
    order by
        p1_0.id
2025-06-23 16:36:56 [http-nio-8080-exec-9] DEBUG org.hibernate.SQL - 
    select
        p1_0.id,
        p1_0.question,
        p1_0.thcount 
    from
        polls p1_0 
    order by
        p1_0.id
2025-06-23 16:44:58 [http-nio-8080-exec-1] DEBUG org.hibernate.SQL - 
    select
        p1_0.id,
        p1_0.question,
        p1_0.thcount 
    from
        polls p1_0 
    order by
        p1_0.id
2025-06-23 16:54:52 [http-nio-8080-exec-3] DEBUG org.hibernate.SQL - 
    select
        p1_0.id,
        p1_0.question,
        p1_0.thcount 
    from
        polls p1_0 
    order by
        p1_0.id
2025-06-23 16:56:18 [http-nio-8080-exec-5] DEBUG org.hibernate.SQL - 
    select
        p1_0.id,
        p1_0.question,
        p1_0.thcount 
    from
        polls p1_0 
    order by
        p1_0.id
2025-06-23 16:59:43 [http-nio-8080-exec-7] DEBUG org.hibernate.SQL - 
    select
        p1_0.id,
        p1_0.question,
        p1_0.thcount 
    from
        polls p1_0 
    order by
        p1_0.id
2025-06-23 17:00:47 [http-nio-8080-exec-9] DEBUG org.hibernate.SQL - 
    select
        p1_0.id,
        p1_0.question,
        p1_0.thcount 
    from
        polls p1_0 
    order by
        p1_0.id
2025-06-23 17:01:01 [http-nio-8080-exec-10] DEBUG org.hibernate.SQL - 
    select
        p1_0.id,
        p1_0.question,
        p1_0.thcount 
    from
        polls p1_0 
    order by
        p1_0.id
2025-06-23 17:01:28 [http-nio-8080-exec-1] DEBUG org.hibernate.SQL - 
    select
        p1_0.id,
        p1_0.question,
        p1_0.thcount 
    from
        polls p1_0 
    order by
        p1_0.id
2025-06-23 17:02:22 [http-nio-8080-exec-2] DEBUG org.hibernate.SQL - 
    select
        p1_0.id,
        p1_0.question,
        p1_0.thcount 
    from
        polls p1_0 
    order by
        p1_0.id
2025-06-23 17:02:30 [http-nio-8080-exec-4] DEBUG org.hibernate.SQL - 
    select
        p1_0.id,
        p1_0.question,
        p1_0.thcount 
    from
        polls p1_0 
    where
        p1_0.id=?
2025-06-23 17:02:30 [http-nio-8080-exec-4] DEBUG org.hibernate.SQL - 
    update
        polls 
    set
        question=?,
        thcount=? 
    where
        id=?
2025-06-23 17:02:30 [http-nio-8080-exec-4] DEBUG org.hibernate.SQL - 
    select
        p1_0.id,
        p1_0.question,
        p1_0.thcount 
    from
        polls p1_0 
    where
        p1_0.id=?
2025-06-23 17:02:30 [http-nio-8080-exec-4] DEBUG org.hibernate.SQL - 
    update
        polls 
    set
        question=?,
        thcount=? 
    where
        id=?
2025-06-23 17:02:30 [http-nio-8080-exec-4] DEBUG org.hibernate.SQL - 
    select
        p1_0.id,
        p1_0.question,
        p1_0.thcount 
    from
        polls p1_0 
    where
        p1_0.id=?
2025-06-23 17:02:30 [http-nio-8080-exec-4] DEBUG org.hibernate.SQL - 
    update
        polls 
    set
        question=?,
        thcount=? 
    where
        id=?
2025-06-23 17:02:30 [http-nio-8080-exec-4] DEBUG org.hibernate.SQL - 
    select
        p1_0.id,
        p1_0.question,
        p1_0.thcount 
    from
        polls p1_0 
    where
        p1_0.id=?
2025-06-23 17:02:30 [http-nio-8080-exec-4] DEBUG org.hibernate.SQL - 
    update
        polls 
    set
        question=?,
        thcount=? 
    where
        id=?
2025-06-23 17:02:38 [http-nio-8080-exec-5] DEBUG org.hibernate.SQL - 
    select
        p1_0.id,
        p1_0.question,
        p1_0.thcount 
    from
        polls p1_0 
    order by
        p1_0.id
2025-06-23 17:02:42 [http-nio-8080-exec-6] DEBUG org.hibernate.SQL - 
    select
        p1_0.id,
        p1_0.question,
        p1_0.thcount 
    from
        polls p1_0 
    order by
        p1_0.id
2025-06-23 17:02:51 [http-nio-8080-exec-7] DEBUG org.hibernate.SQL - 
    select
        p1_0.id,
        p1_0.question,
        p1_0.thcount 
    from
        polls p1_0 
    where
        p1_0.id=?
2025-06-23 17:02:51 [http-nio-8080-exec-7] DEBUG org.hibernate.SQL - 
    update
        polls 
    set
        question=?,
        thcount=? 
    where
        id=?
2025-06-23 17:02:51 [http-nio-8080-exec-7] DEBUG org.hibernate.SQL - 
    select
        p1_0.id,
        p1_0.question,
        p1_0.thcount 
    from
        polls p1_0 
    where
        p1_0.id=?
2025-06-23 17:02:51 [http-nio-8080-exec-7] DEBUG org.hibernate.SQL - 
    select
        p1_0.id,
        p1_0.question,
        p1_0.thcount 
    from
        polls p1_0 
    where
        p1_0.id=?
2025-06-23 17:02:51 [http-nio-8080-exec-7] DEBUG org.hibernate.SQL - 
    select
        p1_0.id,
        p1_0.question,
        p1_0.thcount 
    from
        polls p1_0 
    where
        p1_0.id=?
2025-06-23 17:02:54 [http-nio-8080-exec-8] DEBUG org.hibernate.SQL - 
    select
        p1_0.id,
        p1_0.question,
        p1_0.thcount 
    from
        polls p1_0 
    order by
        p1_0.id
2025-06-23 17:10:51 [http-nio-8080-exec-10] DEBUG org.hibernate.SQL - 
    select
        p1_0.id,
        p1_0.question,
        p1_0.thcount 
    from
        polls p1_0 
    order by
        p1_0.id
2025-06-23 17:10:54 [http-nio-8080-exec-1] DEBUG org.hibernate.SQL - 
    select
        p1_0.id,
        p1_0.question,
        p1_0.thcount 
    from
        polls p1_0 
    order by
        p1_0.id
2025-06-23 17:10:55 [http-nio-8080-exec-2] DEBUG org.hibernate.SQL - 
    select
        p1_0.id,
        p1_0.question,
        p1_0.thcount 
    from
        polls p1_0 
    order by
        p1_0.id
2025-06-23 17:13:53 [SpringApplicationShutdownHook] INFO  o.s.b.w.e.tomcat.GracefulShutdown - Commencing graceful shutdown. Waiting for active requests to complete
2025-06-23 17:13:53 [tomcat-shutdown] INFO  o.s.b.w.e.tomcat.GracefulShutdown - Graceful shutdown complete
2025-06-23 17:13:53 [SpringApplicationShutdownHook] INFO  o.s.o.j.LocalContainerEntityManagerFactoryBean - Closing JPA EntityManagerFactory for persistence unit 'default'
2025-06-23 17:13:53 [SpringApplicationShutdownHook] INFO  com.zaxxer.hikari.HikariDataSource - HikariPool-1 - Shutdown initiated...
2025-06-23 17:13:53 [SpringApplicationShutdownHook] INFO  com.zaxxer.hikari.HikariDataSource - HikariPool-1 - Shutdown completed.
2025-06-23 17:28:05 [main] INFO  c.e.s.StringbootAppApplication - Starting StringbootAppApplication using Java 21.0.6 with PID 4648 (C:\Users\ning\Desktop\研修関連\2J-Ateam-training\stringboot-app\target\classes started by ning in C:\Users\ning\Desktop\研修関連\2J-Ateam-training\stringboot-app)
2025-06-23 17:28:05 [main] INFO  c.e.s.StringbootAppApplication - No active profile set, falling back to 1 default profile: "default"
2025-06-23 17:28:10 [main] INFO  o.s.d.r.c.RepositoryConfigurationDelegate - Bootstrapping Spring Data JPA repositories in DEFAULT mode.
2025-06-23 17:28:10 [main] INFO  o.s.d.r.c.RepositoryConfigurationDelegate - Finished Spring Data repository scanning in 408 ms. Found 2 JPA repository interfaces.
2025-06-23 17:28:13 [main] INFO  o.s.b.w.e.tomcat.TomcatWebServer - Tomcat initialized with port 8080 (http)
2025-06-23 17:28:13 [main] INFO  o.a.catalina.core.StandardService - Starting service [Tomcat]
2025-06-23 17:28:13 [main] INFO  o.a.catalina.core.StandardEngine - Starting Servlet engine: [Apache Tomcat/10.1.41]
2025-06-23 17:28:14 [main] INFO  o.a.c.c.C.[Tomcat].[localhost].[/] - Initializing Spring embedded WebApplicationContext
2025-06-23 17:28:14 [main] INFO  o.s.b.w.s.c.ServletWebServerApplicationContext - Root WebApplicationContext: initialization completed in 8995 ms
2025-06-23 17:28:16 [main] INFO  o.h.jpa.internal.util.LogHelper - HHH000204: Processing PersistenceUnitInfo [name: default]
2025-06-23 17:28:17 [main] INFO  org.hibernate.Version - HHH000412: Hibernate ORM core version 6.6.15.Final
2025-06-23 17:28:17 [main] INFO  o.h.c.i.RegionFactoryInitiator - HHH000026: Second-level cache disabled
2025-06-23 17:28:19 [main] INFO  o.s.o.j.p.SpringPersistenceUnitInfo - No LoadTimeWeaver setup: ignoring JPA class transformer
2025-06-23 17:28:19 [main] INFO  com.zaxxer.hikari.HikariDataSource - HikariPool-1 - Starting...
2025-06-23 17:28:21 [main] INFO  com.zaxxer.hikari.pool.HikariPool - HikariPool-1 - Added connection org.postgresql.jdbc.PgConnection@32e7b78d
2025-06-23 17:28:21 [main] INFO  com.zaxxer.hikari.HikariDataSource - HikariPool-1 - Start completed.
2025-06-23 17:28:21 [main] WARN  org.hibernate.orm.deprecation - HHH90000025: PostgreSQLDialect does not need to be specified explicitly using 'hibernate.dialect' (remove the property setting and it will be selected by default)
2025-06-23 17:28:21 [main] INFO  o.hibernate.orm.connections.pooling - HHH10001005: Database info:
	Database JDBC URL [Connecting through datasource 'HikariDataSource (HikariPool-1)']
	Database driver: undefined/unknown
	Database version: 17.5
	Autocommit mode: undefined/unknown
	Isolation level: undefined/unknown
	Minimum pool size: undefined/unknown
	Maximum pool size: undefined/unknown
2025-06-23 17:28:25 [main] INFO  o.h.e.t.j.p.i.JtaPlatformInitiator - HHH000489: No JTA platform available (set 'hibernate.transaction.jta.platform' to enable JTA platform integration)
2025-06-23 17:28:26 [main] DEBUG org.hibernate.SQL - 
    alter table if exists polls 
       alter column question set data type varchar(255)
2025-06-23 17:28:26 [main] INFO  o.s.o.j.LocalContainerEntityManagerFactoryBean - Initialized JPA EntityManagerFactory for persistence unit 'default'
2025-06-23 17:28:27 [main] WARN  o.s.b.a.o.j.JpaBaseConfiguration$JpaWebConfiguration - spring.jpa.open-in-view is enabled by default. Therefore, database queries may be performed during view rendering. Explicitly configure spring.jpa.open-in-view to disable this warning
2025-06-23 17:28:31 [main] INFO  o.s.b.a.e.web.EndpointLinksResolver - Exposing 7 endpoints beneath base path '/actuator'
2025-06-23 17:28:32 [main] INFO  o.s.b.w.e.tomcat.TomcatWebServer - Tomcat started on port 8080 (http) with context path '/'
2025-06-23 17:28:32 [main] INFO  c.e.s.StringbootAppApplication - Started StringbootAppApplication in 29.773 seconds (process running for 32.693)
2025-06-23 17:28:33 [RMI TCP Connection(2)-127.0.0.1] INFO  o.a.c.c.C.[Tomcat].[localhost].[/] - Initializing Spring DispatcherServlet 'dispatcherServlet'
2025-06-23 17:28:33 [RMI TCP Connection(2)-127.0.0.1] INFO  o.s.web.servlet.DispatcherServlet - Initializing Servlet 'dispatcherServlet'
2025-06-23 17:28:33 [RMI TCP Connection(2)-127.0.0.1] INFO  o.s.web.servlet.DispatcherServlet - Completed initialization in 7 ms
2025-06-23 17:30:43 [http-nio-8080-exec-1] DEBUG org.hibernate.SQL - 
    select
        p1_0.id,
        p1_0.question,
        p1_0.thcount 
    from
        polls p1_0 
    order by
        p1_0.id
2025-06-23 17:30:53 [http-nio-8080-exec-2] DEBUG org.hibernate.SQL - 
    select
        p1_0.id,
        p1_0.question,
        p1_0.thcount 
    from
        polls p1_0 
    order by
        p1_0.id
2025-06-23 17:30:57 [http-nio-8080-exec-4] DEBUG org.hibernate.SQL - 
    select
        p1_0.id,
        p1_0.question,
        p1_0.thcount 
    from
        polls p1_0 
    where
        p1_0.id=?
2025-06-23 17:30:58 [http-nio-8080-exec-4] DEBUG org.hibernate.SQL - 
    select
        p1_0.id,
        p1_0.question,
        p1_0.thcount 
    from
        polls p1_0 
    where
        p1_0.id=?
2025-06-23 17:30:58 [http-nio-8080-exec-4] DEBUG org.hibernate.SQL - 
    update
        polls 
    set
        question=?,
        thcount=? 
    where
        id=?
2025-06-23 17:30:58 [http-nio-8080-exec-4] DEBUG org.hibernate.SQL - 
    select
        p1_0.id,
        p1_0.question,
        p1_0.thcount 
    from
        polls p1_0 
    where
        p1_0.id=?
2025-06-23 17:30:58 [http-nio-8080-exec-4] DEBUG org.hibernate.SQL - 
    update
        polls 
    set
        question=?,
        thcount=? 
    where
        id=?
2025-06-23 17:30:58 [http-nio-8080-exec-4] DEBUG org.hibernate.SQL - 
    select
        p1_0.id,
        p1_0.question,
        p1_0.thcount 
    from
        polls p1_0 
    where
        p1_0.id=?
2025-06-23 17:30:58 [http-nio-8080-exec-4] DEBUG org.hibernate.SQL - 
    update
        polls 
    set
        question=?,
        thcount=? 
    where
        id=?
2025-06-23 17:31:04 [http-nio-8080-exec-5] DEBUG org.hibernate.SQL - 
    select
        p1_0.id,
        p1_0.question,
        p1_0.thcount 
    from
        polls p1_0 
    order by
        p1_0.id
2025-06-23 17:35:30 [http-nio-8080-exec-7] DEBUG org.hibernate.SQL - 
    select
        p1_0.id,
        p1_0.question,
        p1_0.thcount 
    from
        polls p1_0 
    order by
        p1_0.id
2025-06-23 17:35:41 [http-nio-8080-exec-8] DEBUG org.hibernate.SQL - 
    select
        p1_0.id,
        p1_0.question,
        p1_0.thcount 
    from
        polls p1_0 
    where
        p1_0.id=?
2025-06-23 17:35:41 [http-nio-8080-exec-8] DEBUG org.hibernate.SQL - 
    update
        polls 
    set
        question=?,
        thcount=? 
    where
        id=?
2025-06-23 17:35:41 [http-nio-8080-exec-8] DEBUG org.hibernate.SQL - 
    select
        p1_0.id,
        p1_0.question,
        p1_0.thcount 
    from
        polls p1_0 
    where
        p1_0.id=?
2025-06-23 17:35:41 [http-nio-8080-exec-8] DEBUG org.hibernate.SQL - 
    update
        polls 
    set
        question=?,
        thcount=? 
    where
        id=?
2025-06-23 17:35:41 [http-nio-8080-exec-8] DEBUG org.hibernate.SQL - 
    select
        p1_0.id,
        p1_0.question,
        p1_0.thcount 
    from
        polls p1_0 
    where
        p1_0.id=?
2025-06-23 17:35:41 [http-nio-8080-exec-8] DEBUG org.hibernate.SQL - 
    update
        polls 
    set
        question=?,
        thcount=? 
    where
        id=?
2025-06-23 17:35:41 [http-nio-8080-exec-8] DEBUG org.hibernate.SQL - 
    select
        p1_0.id,
        p1_0.question,
        p1_0.thcount 
    from
        polls p1_0 
    where
        p1_0.id=?
2025-06-23 17:35:41 [http-nio-8080-exec-8] DEBUG org.hibernate.SQL - 
    update
        polls 
    set
        question=?,
        thcount=? 
    where
        id=?
2025-06-23 17:35:46 [http-nio-8080-exec-9] DEBUG org.hibernate.SQL - 
    select
        p1_0.id,
        p1_0.question,
        p1_0.thcount 
    from
        polls p1_0 
    order by
        p1_0.id
2025-06-23 17:36:42 [http-nio-8080-exec-10] DEBUG org.hibernate.SQL - 
    select
        p1_0.id,
        p1_0.question,
        p1_0.thcount 
    from
        polls p1_0 
    order by
        p1_0.id
2025-06-23 17:43:00 [http-nio-8080-exec-2] DEBUG org.hibernate.SQL - 
    select
        p1_0.id,
        p1_0.question,
        p1_0.thcount 
    from
        polls p1_0 
    order by
        p1_0.id
2025-06-23 17:43:07 [http-nio-8080-exec-3] DEBUG org.hibernate.SQL - 
    select
        p1_0.id,
        p1_0.question,
        p1_0.thcount 
    from
        polls p1_0 
    order by
        p1_0.id
2025-06-23 17:43:16 [http-nio-8080-exec-4] DEBUG org.hibernate.SQL - 
    select
        p1_0.id,
        p1_0.question,
        p1_0.thcount 
    from
        polls p1_0 
    order by
        p1_0.id
2025-06-23 17:44:47 [http-nio-8080-exec-6] DEBUG org.hibernate.SQL - 
    select
        p1_0.id,
        p1_0.question,
        p1_0.thcount 
    from
        polls p1_0 
    order by
        p1_0.id
2025-06-23 17:45:01 [http-nio-8080-exec-7] DEBUG org.hibernate.SQL - 
    select
        p1_0.id,
        p1_0.question,
        p1_0.thcount 
    from
        polls p1_0 
    order by
        p1_0.id
2025-06-23 17:45:14 [http-nio-8080-exec-8] DEBUG org.hibernate.SQL - 
    select
        p1_0.id,
        p1_0.question,
        p1_0.thcount 
    from
        polls p1_0 
    order by
        p1_0.id
2025-06-23 17:49:51 [http-nio-8080-exec-1] DEBUG org.hibernate.SQL - 
    select
        p1_0.id,
        p1_0.question,
        p1_0.thcount 
    from
        polls p1_0 
    order by
        p1_0.id
2025-06-23 17:49:54 [http-nio-8080-exec-2] DEBUG org.hibernate.SQL - 
    select
        p1_0.id,
        p1_0.question,
        p1_0.thcount 
    from
        polls p1_0 
    order by
        p1_0.id
2025-06-23 17:49:57 [http-nio-8080-exec-3] DEBUG org.hibernate.SQL - 
    select
        p1_0.id,
        p1_0.question,
        p1_0.thcount 
    from
        polls p1_0 
    order by
        p1_0.id
2025-06-23 17:51:55 [http-nio-8080-exec-6] DEBUG org.hibernate.SQL - 
    select
        p1_0.id,
        p1_0.question,
        p1_0.thcount 
    from
        polls p1_0 
    order by
        p1_0.id
2025-06-23 19:48:01 [http-nio-8080-exec-8] DEBUG org.hibernate.SQL - 
    select
        p1_0.id,
        p1_0.question,
        p1_0.thcount 
    from
        polls p1_0 
    order by
        p1_0.id
2025-06-23 20:03:13 [http-nio-8080-exec-10] DEBUG org.hibernate.SQL - 
    select
        p1_0.id,
        p1_0.question,
        p1_0.thcount 
    from
        polls p1_0 
    order by
        p1_0.id
2025-06-23 20:03:20 [http-nio-8080-exec-1] DEBUG org.hibernate.SQL - 
    select
        p1_0.id,
        p1_0.question,
        p1_0.thcount 
    from
        polls p1_0 
    order by
        p1_0.id
2025-06-23 20:03:21 [http-nio-8080-exec-2] DEBUG org.hibernate.SQL - 
    select
        p1_0.id,
        p1_0.question,
        p1_0.thcount 
    from
        polls p1_0 
    order by
        p1_0.id
2025-06-23 20:03:21 [http-nio-8080-exec-3] DEBUG org.hibernate.SQL - 
    select
        p1_0.id,
        p1_0.question,
        p1_0.thcount 
    from
        polls p1_0 
    order by
        p1_0.id
2025-06-23 20:04:01 [http-nio-8080-exec-4] DEBUG org.hibernate.SQL - 
    select
        p1_0.id,
        p1_0.question,
        p1_0.thcount 
    from
        polls p1_0 
    order by
        p1_0.id
2025-06-23 20:05:09 [http-nio-8080-exec-7] DEBUG org.hibernate.SQL - 
    select
        p1_0.id,
        p1_0.question,
        p1_0.thcount 
    from
        polls p1_0 
    order by
        p1_0.id
2025-06-23 20:05:10 [http-nio-8080-exec-8] DEBUG org.hibernate.SQL - 
    select
        p1_0.id,
        p1_0.question,
        p1_0.thcount 
    from
        polls p1_0 
    order by
        p1_0.id
2025-06-23 20:05:13 [http-nio-8080-exec-9] DEBUG org.hibernate.SQL - 
    select
        p1_0.id,
        p1_0.question,
        p1_0.thcount 
    from
        polls p1_0 
    order by
        p1_0.id
2025-06-23 20:05:14 [http-nio-8080-exec-10] DEBUG org.hibernate.SQL - 
    select
        p1_0.id,
        p1_0.question,
        p1_0.thcount 
    from
        polls p1_0 
    order by
        p1_0.id
2025-06-23 20:10:49 [http-nio-8080-exec-3] DEBUG org.hibernate.SQL - 
    select
        p1_0.id,
        p1_0.question,
        p1_0.thcount 
    from
        polls p1_0 
    order by
        p1_0.id
2025-06-23 20:10:51 [http-nio-8080-exec-4] DEBUG org.hibernate.SQL - 
    select
        p1_0.id,
        p1_0.question,
        p1_0.thcount 
    from
        polls p1_0 
    order by
        p1_0.id
2025-06-23 20:10:57 [http-nio-8080-exec-5] DEBUG org.hibernate.SQL - 
    select
        p1_0.id,
        p1_0.question,
        p1_0.thcount 
    from
        polls p1_0 
    order by
        p1_0.id
2025-06-23 20:10:57 [http-nio-8080-exec-6] DEBUG org.hibernate.SQL - 
    select
        p1_0.id,
        p1_0.question,
        p1_0.thcount 
    from
        polls p1_0 
    order by
        p1_0.id
2025-06-23 20:11:04 [http-nio-8080-exec-7] DEBUG org.hibernate.SQL - 
    select
        p1_0.id,
        p1_0.question,
        p1_0.thcount 
    from
        polls p1_0 
    order by
        p1_0.id
2025-06-23 20:11:29 [http-nio-8080-exec-8] DEBUG org.hibernate.SQL - 
    select
        p1_0.id,
        p1_0.question,
        p1_0.thcount 
    from
        polls p1_0 
    order by
        p1_0.id
2025-06-23 20:16:04 [http-nio-8080-exec-1] DEBUG org.hibernate.SQL - 
    select
        p1_0.id,
        p1_0.question,
        p1_0.thcount 
    from
        polls p1_0 
    order by
        p1_0.id
2025-06-23 20:17:51 [http-nio-8080-exec-3] DEBUG org.hibernate.SQL - 
    select
        p1_0.id,
        p1_0.question,
        p1_0.thcount 
    from
        polls p1_0 
    order by
        p1_0.id
2025-06-23 20:17:52 [http-nio-8080-exec-4] DEBUG org.hibernate.SQL - 
    select
        p1_0.id,
        p1_0.question,
        p1_0.thcount 
    from
        polls p1_0 
    order by
        p1_0.id
2025-06-23 20:17:54 [http-nio-8080-exec-5] DEBUG org.hibernate.SQL - 
    select
        p1_0.id,
        p1_0.question,
        p1_0.thcount 
    from
        polls p1_0 
    order by
        p1_0.id
2025-06-23 20:17:56 [http-nio-8080-exec-6] DEBUG org.hibernate.SQL - 
    select
        p1_0.id,
        p1_0.question,
        p1_0.thcount 
    from
        polls p1_0 
    order by
        p1_0.id
2025-06-23 20:25:18 [http-nio-8080-exec-9] DEBUG org.hibernate.SQL - 
    select
        p1_0.id,
        p1_0.question,
        p1_0.thcount 
    from
        polls p1_0 
    order by
        p1_0.id
2025-06-23 20:38:29 [http-nio-8080-exec-1] DEBUG org.hibernate.SQL - 
    select
        p1_0.id,
        p1_0.question,
        p1_0.thcount 
    from
        polls p1_0 
    order by
        p1_0.id
2025-06-23 20:38:34 [http-nio-8080-exec-3] DEBUG org.hibernate.SQL - 
    select
        p1_0.id,
        p1_0.question,
        p1_0.thcount 
    from
        polls p1_0 
    where
        p1_0.id=?
2025-06-23 20:38:34 [http-nio-8080-exec-3] DEBUG org.hibernate.SQL - 
    select
        p1_0.id,
        p1_0.question,
        p1_0.thcount 
    from
        polls p1_0 
    where
        p1_0.id=?
2025-06-23 20:38:34 [http-nio-8080-exec-3] DEBUG org.hibernate.SQL - 
    select
        p1_0.id,
        p1_0.question,
        p1_0.thcount 
    from
        polls p1_0 
    where
        p1_0.id=?
2025-06-23 20:38:34 [http-nio-8080-exec-3] DEBUG org.hibernate.SQL - 
    select
        p1_0.id,
        p1_0.question,
        p1_0.thcount 
    from
        polls p1_0 
    where
        p1_0.id=?
2025-06-23 20:38:42 [http-nio-8080-exec-4] DEBUG org.hibernate.SQL - 
    select
        p1_0.id,
        p1_0.question,
        p1_0.thcount 
    from
        polls p1_0 
    where
        p1_0.id=?
2025-06-23 20:38:42 [http-nio-8080-exec-4] DEBUG org.hibernate.SQL - 
    select
        p1_0.id,
        p1_0.question,
        p1_0.thcount 
    from
        polls p1_0 
    where
        p1_0.id=?
2025-06-23 20:38:42 [http-nio-8080-exec-4] DEBUG org.hibernate.SQL - 
    select
        p1_0.id,
        p1_0.question,
        p1_0.thcount 
    from
        polls p1_0 
    where
        p1_0.id=?
2025-06-23 20:38:42 [http-nio-8080-exec-4] DEBUG org.hibernate.SQL - 
    select
        p1_0.id,
        p1_0.question,
        p1_0.thcount 
    from
        polls p1_0 
    where
        p1_0.id=?
2025-06-23 20:38:46 [http-nio-8080-exec-5] DEBUG org.hibernate.SQL - 
    select
        p1_0.id,
        p1_0.question,
        p1_0.thcount 
    from
        polls p1_0 
    order by
        p1_0.id
2025-06-23 20:38:50 [http-nio-8080-exec-6] DEBUG org.hibernate.SQL - 
    select
        p1_0.id,
        p1_0.question,
        p1_0.thcount 
    from
        polls p1_0 
    where
        p1_0.id=?
2025-06-23 20:38:50 [http-nio-8080-exec-6] DEBUG org.hibernate.SQL - 
    select
        p1_0.id,
        p1_0.question,
        p1_0.thcount 
    from
        polls p1_0 
    where
        p1_0.id=?
2025-06-23 20:38:50 [http-nio-8080-exec-6] DEBUG org.hibernate.SQL - 
    select
        p1_0.id,
        p1_0.question,
        p1_0.thcount 
    from
        polls p1_0 
    where
        p1_0.id=?
2025-06-23 20:38:50 [http-nio-8080-exec-6] DEBUG org.hibernate.SQL - 
    select
        p1_0.id,
        p1_0.question,
        p1_0.thcount 
    from
        polls p1_0 
    where
        p1_0.id=?
2025-06-23 20:40:05 [http-nio-8080-exec-8] DEBUG org.hibernate.SQL - 
    select
        p1_0.id,
        p1_0.question,
        p1_0.thcount 
    from
        polls p1_0 
    order by
        p1_0.id
2025-06-23 20:40:06 [http-nio-8080-exec-10] DEBUG org.hibernate.SQL - 
    select
        p1_0.id,
        p1_0.question,
        p1_0.thcount 
    from
        polls p1_0 
    where
        p1_0.id=?
2025-06-23 20:40:06 [http-nio-8080-exec-10] DEBUG org.hibernate.SQL - 
    select
        p1_0.id,
        p1_0.question,
        p1_0.thcount 
    from
        polls p1_0 
    where
        p1_0.id=?
2025-06-23 20:40:06 [http-nio-8080-exec-10] DEBUG org.hibernate.SQL - 
    select
        p1_0.id,
        p1_0.question,
        p1_0.thcount 
    from
        polls p1_0 
    where
        p1_0.id=?
2025-06-23 20:40:06 [http-nio-8080-exec-10] DEBUG org.hibernate.SQL - 
    select
        p1_0.id,
        p1_0.question,
        p1_0.thcount 
    from
        polls p1_0 
    where
        p1_0.id=?
2025-06-23 20:40:11 [http-nio-8080-exec-1] DEBUG org.hibernate.SQL - 
    select
        p1_0.id,
        p1_0.question,
        p1_0.thcount 
    from
        polls p1_0 
    order by
        p1_0.id
2025-06-23 20:41:33 [http-nio-8080-exec-3] DEBUG org.hibernate.SQL - 
    select
        p1_0.id,
        p1_0.question,
        p1_0.thcount 
    from
        polls p1_0 
    order by
        p1_0.id
2025-06-23 20:41:36 [http-nio-8080-exec-4] DEBUG org.hibernate.SQL - 
    select
        p1_0.id,
        p1_0.question,
        p1_0.thcount 
    from
        polls p1_0 
    order by
        p1_0.id
2025-06-23 20:41:42 [http-nio-8080-exec-5] DEBUG org.hibernate.SQL - 
    select
        p1_0.id,
        p1_0.question,
        p1_0.thcount 
    from
        polls p1_0 
    order by
        p1_0.id
2025-06-23 20:41:43 [http-nio-8080-exec-6] DEBUG org.hibernate.SQL - 
    select
        p1_0.id,
        p1_0.question,
        p1_0.thcount 
    from
        polls p1_0 
    where
        p1_0.id=?
2025-06-23 20:41:43 [http-nio-8080-exec-6] DEBUG org.hibernate.SQL - 
    select
        p1_0.id,
        p1_0.question,
        p1_0.thcount 
    from
        polls p1_0 
    where
        p1_0.id=?
2025-06-23 20:41:43 [http-nio-8080-exec-6] DEBUG org.hibernate.SQL - 
    select
        p1_0.id,
        p1_0.question,
        p1_0.thcount 
    from
        polls p1_0 
    where
        p1_0.id=?
2025-06-23 20:41:43 [http-nio-8080-exec-6] DEBUG org.hibernate.SQL - 
    select
        p1_0.id,
        p1_0.question,
        p1_0.thcount 
    from
        polls p1_0 
    where
        p1_0.id=?
2025-06-23 20:42:45 [http-nio-8080-exec-8] DEBUG org.hibernate.SQL - 
    select
        p1_0.id,
        p1_0.question,
        p1_0.thcount 
    from
        polls p1_0 
    order by
        p1_0.id
2025-06-23 20:42:46 [http-nio-8080-exec-9] DEBUG org.hibernate.SQL - 
    select
        p1_0.id,
        p1_0.question,
        p1_0.thcount 
    from
        polls p1_0 
    where
        p1_0.id=?
2025-06-23 20:42:46 [http-nio-8080-exec-9] DEBUG org.hibernate.SQL - 
    select
        p1_0.id,
        p1_0.question,
        p1_0.thcount 
    from
        polls p1_0 
    where
        p1_0.id=?
2025-06-23 20:42:46 [http-nio-8080-exec-9] DEBUG org.hibernate.SQL - 
    select
        p1_0.id,
        p1_0.question,
        p1_0.thcount 
    from
        polls p1_0 
    where
        p1_0.id=?
2025-06-23 20:42:46 [http-nio-8080-exec-9] DEBUG org.hibernate.SQL - 
    select
        p1_0.id,
        p1_0.question,
        p1_0.thcount 
    from
        polls p1_0 
    where
        p1_0.id=?
2025-06-23 20:43:38 [http-nio-8080-exec-10] DEBUG org.hibernate.SQL - 
    select
        p1_0.id,
        p1_0.question,
        p1_0.thcount 
    from
        polls p1_0 
    where
        p1_0.id=?
2025-06-23 20:43:38 [http-nio-8080-exec-10] DEBUG org.hibernate.SQL - 
    select
        p1_0.id,
        p1_0.question,
        p1_0.thcount 
    from
        polls p1_0 
    where
        p1_0.id=?
2025-06-23 20:43:38 [http-nio-8080-exec-10] DEBUG org.hibernate.SQL - 
    select
        p1_0.id,
        p1_0.question,
        p1_0.thcount 
    from
        polls p1_0 
    where
        p1_0.id=?
2025-06-23 20:43:38 [http-nio-8080-exec-10] DEBUG org.hibernate.SQL - 
    select
        p1_0.id,
        p1_0.question,
        p1_0.thcount 
    from
        polls p1_0 
    where
        p1_0.id=?
2025-06-23 20:43:42 [http-nio-8080-exec-1] DEBUG org.hibernate.SQL - 
    select
        p1_0.id,
        p1_0.question,
        p1_0.thcount 
    from
        polls p1_0 
    order by
        p1_0.id
2025-06-23 20:45:27 [http-nio-8080-exec-3] DEBUG org.hibernate.SQL - 
    select
        p1_0.id,
        p1_0.question,
        p1_0.thcount 
    from
        polls p1_0 
    order by
        p1_0.id
2025-06-23 20:45:32 [http-nio-8080-exec-4] DEBUG org.hibernate.SQL - 
    select
        p1_0.id,
        p1_0.question,
        p1_0.thcount 
    from
        polls p1_0 
    order by
        p1_0.id
2025-06-23 20:45:34 [http-nio-8080-exec-5] DEBUG org.hibernate.SQL - 
    select
        p1_0.id,
        p1_0.question,
        p1_0.thcount 
    from
        polls p1_0 
    where
        p1_0.id=?
2025-06-23 20:45:34 [http-nio-8080-exec-5] DEBUG org.hibernate.SQL - 
    select
        p1_0.id,
        p1_0.question,
        p1_0.thcount 
    from
        polls p1_0 
    where
        p1_0.id=?
2025-06-23 20:45:34 [http-nio-8080-exec-5] DEBUG org.hibernate.SQL - 
    select
        p1_0.id,
        p1_0.question,
        p1_0.thcount 
    from
        polls p1_0 
    where
        p1_0.id=?
2025-06-23 20:45:34 [http-nio-8080-exec-5] DEBUG org.hibernate.SQL - 
    select
        p1_0.id,
        p1_0.question,
        p1_0.thcount 
    from
        polls p1_0 
    where
        p1_0.id=?
2025-06-23 20:47:48 [http-nio-8080-exec-7] DEBUG org.hibernate.SQL - 
    select
        p1_0.id,
        p1_0.question,
        p1_0.thcount 
    from
        polls p1_0 
    order by
        p1_0.id
2025-06-23 20:51:14 [http-nio-8080-exec-9] DEBUG org.hibernate.SQL - 
    select
        p1_0.id,
        p1_0.question,
        p1_0.thcount 
    from
        polls p1_0 
    order by
        p1_0.id
2025-06-23 20:51:18 [http-nio-8080-exec-10] DEBUG org.hibernate.SQL - 
    select
        p1_0.id,
        p1_0.question,
        p1_0.thcount 
    from
        polls p1_0 
    order by
        p1_0.id
2025-06-23 20:55:25 [http-nio-8080-exec-2] DEBUG org.hibernate.SQL - 
    select
        p1_0.id,
        p1_0.question,
        p1_0.thcount 
    from
        polls p1_0 
    order by
        p1_0.id
2025-06-23 20:55:42 [http-nio-8080-exec-3] DEBUG org.hibernate.SQL - 
    select
        p1_0.id,
        p1_0.question,
        p1_0.thcount 
    from
        polls p1_0 
    order by
        p1_0.id
2025-06-23 21:00:46 [http-nio-8080-exec-5] DEBUG org.hibernate.SQL - 
    select
        p1_0.id,
        p1_0.question,
        p1_0.thcount 
    from
        polls p1_0 
    order by
        p1_0.id
2025-06-23 21:01:22 [http-nio-8080-exec-6] DEBUG org.hibernate.SQL - 
    select
        p1_0.id,
        p1_0.question,
        p1_0.thcount 
    from
        polls p1_0 
    order by
        p1_0.id
2025-06-23 21:03:58 [http-nio-8080-exec-8] DEBUG org.hibernate.SQL - 
    select
        p1_0.id,
        p1_0.question,
        p1_0.thcount 
    from
        polls p1_0 
    order by
        p1_0.id
2025-06-23 21:04:23 [http-nio-8080-exec-9] DEBUG org.hibernate.SQL - 
    select
        p1_0.id,
        p1_0.question,
        p1_0.thcount 
    from
        polls p1_0 
    order by
        p1_0.id
2025-06-23 21:05:09 [http-nio-8080-exec-10] DEBUG org.hibernate.SQL - 
    select
        p1_0.id,
        p1_0.question,
        p1_0.thcount 
    from
        polls p1_0 
    order by
        p1_0.id
2025-06-23 21:06:56 [http-nio-8080-exec-2] DEBUG org.hibernate.SQL - 
    select
        p1_0.id,
        p1_0.question,
        p1_0.thcount 
    from
        polls p1_0 
    order by
        p1_0.id
2025-06-23 21:07:17 [http-nio-8080-exec-3] DEBUG org.hibernate.SQL - 
    select
        p1_0.id,
        p1_0.question,
        p1_0.thcount 
    from
        polls p1_0 
    order by
        p1_0.id
2025-06-23 21:07:55 [http-nio-8080-exec-4] DEBUG org.hibernate.SQL - 
    select
        p1_0.id,
        p1_0.question,
        p1_0.thcount 
    from
        polls p1_0 
    order by
        p1_0.id
2025-06-23 21:07:58 [http-nio-8080-exec-5] DEBUG org.hibernate.SQL - 
    select
        p1_0.id,
        p1_0.question,
        p1_0.thcount 
    from
        polls p1_0 
    order by
        p1_0.id
2025-06-23 21:10:58 [http-nio-8080-exec-7] DEBUG org.hibernate.SQL - 
    select
        p1_0.id,
        p1_0.question,
        p1_0.thcount 
    from
        polls p1_0 
    order by
        p1_0.id
2025-06-23 21:11:37 [http-nio-8080-exec-8] DEBUG org.hibernate.SQL - 
    select
        p1_0.id,
        p1_0.question,
        p1_0.thcount 
    from
        polls p1_0 
    order by
        p1_0.id
2025-06-23 21:13:03 [http-nio-8080-exec-10] DEBUG org.hibernate.SQL - 
    select
        p1_0.id,
        p1_0.question,
        p1_0.thcount 
    from
        polls p1_0 
    order by
        p1_0.id
2025-06-23 21:13:30 [http-nio-8080-exec-1] DEBUG org.hibernate.SQL - 
    select
        p1_0.id,
        p1_0.question,
        p1_0.thcount 
    from
        polls p1_0 
    order by
        p1_0.id
2025-06-23 21:13:49 [http-nio-8080-exec-2] DEBUG org.hibernate.SQL - 
    select
        p1_0.id,
        p1_0.question,
        p1_0.thcount 
    from
        polls p1_0 
    order by
        p1_0.id
2025-06-23 21:14:06 [http-nio-8080-exec-3] DEBUG org.hibernate.SQL - 
    select
        p1_0.id,
        p1_0.question,
        p1_0.thcount 
    from
        polls p1_0 
    order by
        p1_0.id
2025-06-23 21:15:39 [http-nio-8080-exec-5] DEBUG org.hibernate.SQL - 
    select
        p1_0.id,
        p1_0.question,
        p1_0.thcount 
    from
        polls p1_0 
    order by
        p1_0.id
2025-06-23 21:15:48 [http-nio-8080-exec-6] DEBUG org.hibernate.SQL - 
    select
        p1_0.id,
        p1_0.question,
        p1_0.thcount 
    from
        polls p1_0 
    order by
        p1_0.id
2025-06-23 21:16:35 [http-nio-8080-exec-7] DEBUG org.hibernate.SQL - 
    select
        p1_0.id,
        p1_0.question,
        p1_0.thcount 
    from
        polls p1_0 
    order by
        p1_0.id
2025-06-23 21:17:10 [http-nio-8080-exec-9] DEBUG org.hibernate.SQL - 
    select
        p1_0.id,
        p1_0.question,
        p1_0.thcount 
    from
        polls p1_0 
    order by
        p1_0.id
2025-06-23 21:21:02 [http-nio-8080-exec-1] DEBUG org.hibernate.SQL - 
    select
        p1_0.id,
        p1_0.question,
        p1_0.thcount 
    from
        polls p1_0 
    order by
        p1_0.id
2025-06-23 21:25:21 [http-nio-8080-exec-3] DEBUG org.hibernate.SQL - 
    select
        p1_0.id,
        p1_0.question,
        p1_0.thcount 
    from
        polls p1_0 
    order by
        p1_0.id
2025-06-23 21:27:16 [http-nio-8080-exec-5] DEBUG org.hibernate.SQL - 
    select
        p1_0.id,
        p1_0.question,
        p1_0.thcount 
    from
        polls p1_0 
    order by
        p1_0.id
2025-06-23 21:29:01 [http-nio-8080-exec-7] DEBUG org.hibernate.SQL - 
    select
        p1_0.id,
        p1_0.question,
        p1_0.thcount 
    from
        polls p1_0 
    order by
        p1_0.id
2025-06-23 21:30:41 [http-nio-8080-exec-9] DEBUG org.hibernate.SQL - 
    select
        p1_0.id,
        p1_0.question,
        p1_0.thcount 
    from
        polls p1_0 
    order by
        p1_0.id
2025-06-23 21:40:31 [main] INFO  c.e.s.StringbootAppApplication - Starting StringbootAppApplication using Java 21.0.6 with PID 10560 (C:\Users\ning\Desktop\研修関連\2J-Ateam-training\stringboot-app\target\classes started by ning in C:\Users\ning\Desktop\研修関連\2J-Ateam-training\stringboot-app)
2025-06-23 21:40:31 [main] INFO  c.e.s.StringbootAppApplication - No active profile set, falling back to 1 default profile: "default"
2025-06-23 21:40:35 [main] INFO  o.s.d.r.c.RepositoryConfigurationDelegate - Bootstrapping Spring Data JPA repositories in DEFAULT mode.
2025-06-23 21:40:35 [main] INFO  o.s.d.r.c.RepositoryConfigurationDelegate - Finished Spring Data repository scanning in 156 ms. Found 2 JPA repository interfaces.
2025-06-23 21:40:37 [main] INFO  o.s.b.w.e.tomcat.TomcatWebServer - Tomcat initialized with port 8080 (http)
2025-06-23 21:40:37 [main] INFO  o.a.catalina.core.StandardService - Starting service [Tomcat]
2025-06-23 21:40:37 [main] INFO  o.a.catalina.core.StandardEngine - Starting Servlet engine: [Apache Tomcat/10.1.41]
2025-06-23 21:40:37 [main] INFO  o.a.c.c.C.[Tomcat].[localhost].[/] - Initializing Spring embedded WebApplicationContext
2025-06-23 21:40:37 [main] INFO  o.s.b.w.s.c.ServletWebServerApplicationContext - Root WebApplicationContext: initialization completed in 6045 ms
2025-06-23 21:40:38 [main] INFO  o.h.jpa.internal.util.LogHelper - HHH000204: Processing PersistenceUnitInfo [name: default]
2025-06-23 21:40:38 [main] INFO  org.hibernate.Version - HHH000412: Hibernate ORM core version 6.6.15.Final
2025-06-23 21:40:38 [main] INFO  o.h.c.i.RegionFactoryInitiator - HHH000026: Second-level cache disabled
2025-06-23 21:40:39 [main] INFO  o.s.o.j.p.SpringPersistenceUnitInfo - No LoadTimeWeaver setup: ignoring JPA class transformer
2025-06-23 21:40:40 [main] INFO  com.zaxxer.hikari.HikariDataSource - HikariPool-1 - Starting...
2025-06-23 21:40:40 [main] INFO  com.zaxxer.hikari.pool.HikariPool - HikariPool-1 - Added connection org.postgresql.jdbc.PgConnection@6b64429e
2025-06-23 21:40:40 [main] INFO  com.zaxxer.hikari.HikariDataSource - HikariPool-1 - Start completed.
2025-06-23 21:40:40 [main] WARN  org.hibernate.orm.deprecation - HHH90000025: PostgreSQLDialect does not need to be specified explicitly using 'hibernate.dialect' (remove the property setting and it will be selected by default)
2025-06-23 21:40:40 [main] INFO  o.hibernate.orm.connections.pooling - HHH10001005: Database info:
	Database JDBC URL [Connecting through datasource 'HikariDataSource (HikariPool-1)']
	Database driver: undefined/unknown
	Database version: 17.5
	Autocommit mode: undefined/unknown
	Isolation level: undefined/unknown
	Minimum pool size: undefined/unknown
	Maximum pool size: undefined/unknown
2025-06-23 21:40:43 [main] INFO  o.h.e.t.j.p.i.JtaPlatformInitiator - HHH000489: No JTA platform available (set 'hibernate.transaction.jta.platform' to enable JTA platform integration)
2025-06-23 21:40:43 [main] DEBUG org.hibernate.SQL - 
    alter table if exists nei_polls 
       alter column question set data type varchar(255)
2025-06-23 21:40:43 [main] INFO  o.s.o.j.LocalContainerEntityManagerFactoryBean - Initialized JPA EntityManagerFactory for persistence unit 'default'
2025-06-23 21:40:45 [main] WARN  o.s.b.a.o.j.JpaBaseConfiguration$JpaWebConfiguration - spring.jpa.open-in-view is enabled by default. Therefore, database queries may be performed during view rendering. Explicitly configure spring.jpa.open-in-view to disable this warning
2025-06-23 21:40:47 [main] INFO  o.s.b.a.e.web.EndpointLinksResolver - Exposing 7 endpoints beneath base path '/actuator'
2025-06-23 21:40:47 [main] INFO  o.s.b.w.e.tomcat.TomcatWebServer - Tomcat started on port 8080 (http) with context path '/'
2025-06-23 21:40:47 [main] INFO  c.e.s.StringbootAppApplication - Started StringbootAppApplication in 17.779 seconds (process running for 19.186)
2025-06-23 21:40:48 [RMI TCP Connection(3)-127.0.0.1] INFO  o.a.c.c.C.[Tomcat].[localhost].[/] - Initializing Spring DispatcherServlet 'dispatcherServlet'
2025-06-23 21:40:48 [RMI TCP Connection(3)-127.0.0.1] INFO  o.s.web.servlet.DispatcherServlet - Initializing Servlet 'dispatcherServlet'
2025-06-23 21:40:48 [RMI TCP Connection(3)-127.0.0.1] INFO  o.s.web.servlet.DispatcherServlet - Completed initialization in 3 ms
2025-06-23 21:41:52 [http-nio-8080-exec-1] DEBUG org.hibernate.SQL - 
    select
        p1_0.id,
        p1_0.question,
        p1_0.thcount 
    from
        nei_polls p1_0 
    order by
        p1_0.id
2025-06-23 21:42:45 [http-nio-8080-exec-3] DEBUG org.hibernate.SQL - 
    select
        p1_0.id,
        p1_0.question,
        p1_0.thcount 
    from
        nei_polls p1_0 
    where
        p1_0.id=?
2025-06-23 21:42:45 [http-nio-8080-exec-3] DEBUG org.hibernate.SQL - 
    update
        nei_polls 
    set
        question=?,
        thcount=? 
    where
        id=?
2025-06-23 21:42:45 [http-nio-8080-exec-3] DEBUG org.hibernate.SQL - 
    select
        p1_0.id,
        p1_0.question,
        p1_0.thcount 
    from
        nei_polls p1_0 
    where
        p1_0.id=?
2025-06-23 21:42:45 [http-nio-8080-exec-3] DEBUG org.hibernate.SQL - 
    update
        nei_polls 
    set
        question=?,
        thcount=? 
    where
        id=?
2025-06-23 21:42:45 [http-nio-8080-exec-3] DEBUG org.hibernate.SQL - 
    select
        p1_0.id,
        p1_0.question,
        p1_0.thcount 
    from
        nei_polls p1_0 
    where
        p1_0.id=?
2025-06-23 21:42:45 [http-nio-8080-exec-3] DEBUG org.hibernate.SQL - 
    update
        nei_polls 
    set
        question=?,
        thcount=? 
    where
        id=?
2025-06-23 21:42:57 [http-nio-8080-exec-4] DEBUG org.hibernate.SQL - 
    select
        p1_0.id,
        p1_0.question,
        p1_0.thcount 
    from
        nei_polls p1_0 
    order by
        p1_0.id
2025-06-23 21:43:16 [http-nio-8080-exec-5] DEBUG org.hibernate.SQL - 
    select
        p1_0.id,
        p1_0.question,
        p1_0.thcount 
    from
        nei_polls p1_0 
    order by
        p1_0.id
2025-06-23 23:39:53 [main] INFO  c.e.s.StringbootAppApplication - Starting StringbootAppApplication using Java 21.0.6 with PID 27012 (C:\Users\ning\Desktop\研修関連\2Jtraining\2J-Ateam-training\stringboot-app\target\classes started by ning in C:\Users\ning\Desktop\研修関連\2Jtraining\2J-Ateam-training\stringboot-app)
2025-06-23 23:39:53 [main] INFO  c.e.s.StringbootAppApplication - No active profile set, falling back to 1 default profile: "default"
2025-06-23 23:39:57 [main] INFO  o.s.d.r.c.RepositoryConfigurationDelegate - Bootstrapping Spring Data JPA repositories in DEFAULT mode.
2025-06-23 23:39:58 [main] INFO  o.s.d.r.c.RepositoryConfigurationDelegate - Finished Spring Data repository scanning in 132 ms. Found 2 JPA repository interfaces.
2025-06-23 23:40:00 [main] INFO  o.s.b.w.e.tomcat.TomcatWebServer - Tomcat initialized with port 8080 (http)
2025-06-23 23:40:01 [main] INFO  o.a.catalina.core.StandardService - Starting service [Tomcat]
2025-06-23 23:40:01 [main] INFO  o.a.catalina.core.StandardEngine - Starting Servlet engine: [Apache Tomcat/10.1.41]
2025-06-23 23:40:01 [main] INFO  o.a.c.c.C.[Tomcat].[localhost].[/] - Initializing Spring embedded WebApplicationContext
2025-06-23 23:40:01 [main] INFO  o.s.b.w.s.c.ServletWebServerApplicationContext - Root WebApplicationContext: initialization completed in 7360 ms
2025-06-23 23:40:02 [main] INFO  o.h.jpa.internal.util.LogHelper - HHH000204: Processing PersistenceUnitInfo [name: default]
2025-06-23 23:40:02 [main] INFO  org.hibernate.Version - HHH000412: Hibernate ORM core version 6.6.15.Final
2025-06-23 23:40:02 [main] INFO  o.h.c.i.RegionFactoryInitiator - HHH000026: Second-level cache disabled
2025-06-23 23:40:03 [main] INFO  o.s.o.j.p.SpringPersistenceUnitInfo - No LoadTimeWeaver setup: ignoring JPA class transformer
2025-06-23 23:40:03 [main] INFO  com.zaxxer.hikari.HikariDataSource - HikariPool-1 - Starting...
2025-06-23 23:40:04 [main] INFO  com.zaxxer.hikari.pool.HikariPool - HikariPool-1 - Added connection org.postgresql.jdbc.PgConnection@6cbbfe29
2025-06-23 23:40:04 [main] INFO  com.zaxxer.hikari.HikariDataSource - HikariPool-1 - Start completed.
2025-06-23 23:40:04 [main] WARN  org.hibernate.orm.deprecation - HHH90000025: PostgreSQLDialect does not need to be specified explicitly using 'hibernate.dialect' (remove the property setting and it will be selected by default)
2025-06-23 23:40:04 [main] INFO  o.hibernate.orm.connections.pooling - HHH10001005: Database info:
	Database JDBC URL [Connecting through datasource 'HikariDataSource (HikariPool-1)']
	Database driver: undefined/unknown
	Database version: 17.5
	Autocommit mode: undefined/unknown
	Isolation level: undefined/unknown
	Minimum pool size: undefined/unknown
	Maximum pool size: undefined/unknown
2025-06-23 23:40:07 [main] INFO  o.h.e.t.j.p.i.JtaPlatformInitiator - HHH000489: No JTA platform available (set 'hibernate.transaction.jta.platform' to enable JTA platform integration)
2025-06-23 23:40:08 [main] INFO  o.s.o.j.LocalContainerEntityManagerFactoryBean - Initialized JPA EntityManagerFactory for persistence unit 'default'
2025-06-23 23:40:09 [main] WARN  o.s.b.a.o.j.JpaBaseConfiguration$JpaWebConfiguration - spring.jpa.open-in-view is enabled by default. Therefore, database queries may be performed during view rendering. Explicitly configure spring.jpa.open-in-view to disable this warning
2025-06-23 23:40:11 [main] INFO  o.s.b.a.e.web.EndpointLinksResolver - Exposing 7 endpoints beneath base path '/actuator'
2025-06-23 23:40:11 [main] INFO  o.s.b.w.e.tomcat.TomcatWebServer - Tomcat started on port 8080 (http) with context path '/'
2025-06-23 23:40:11 [main] INFO  c.e.s.StringbootAppApplication - Started StringbootAppApplication in 19.791 seconds (process running for 21.391)
2025-06-23 23:40:14 [RMI TCP Connection(2)-127.0.0.1] INFO  o.a.c.c.C.[Tomcat].[localhost].[/] - Initializing Spring DispatcherServlet 'dispatcherServlet'
2025-06-23 23:40:14 [RMI TCP Connection(2)-127.0.0.1] INFO  o.s.web.servlet.DispatcherServlet - Initializing Servlet 'dispatcherServlet'
2025-06-23 23:40:14 [RMI TCP Connection(2)-127.0.0.1] INFO  o.s.web.servlet.DispatcherServlet - Completed initialization in 3 ms
2025-06-23 23:42:31 [main] INFO  c.e.s.StringbootAppApplication - Starting StringbootAppApplication using Java 21.0.6 with PID 28816 (C:\Users\ning\Desktop\研修関連\2Jtraining\2J-Ateam-training\stringboot-app\target\classes started by ning in C:\Users\ning\Desktop\研修関連\2Jtraining\2J-Ateam-training\stringboot-app)
2025-06-23 23:42:32 [main] INFO  c.e.s.StringbootAppApplication - No active profile set, falling back to 1 default profile: "default"
2025-06-23 23:42:36 [main] INFO  o.s.d.r.c.RepositoryConfigurationDelegate - Bootstrapping Spring Data JPA repositories in DEFAULT mode.
2025-06-23 23:42:36 [main] INFO  o.s.d.r.c.RepositoryConfigurationDelegate - Finished Spring Data repository scanning in 153 ms. Found 2 JPA repository interfaces.
2025-06-23 23:42:38 [main] INFO  o.s.b.w.e.tomcat.TomcatWebServer - Tomcat initialized with port 8080 (http)
2025-06-23 23:42:38 [main] INFO  o.a.catalina.core.StandardService - Starting service [Tomcat]
2025-06-23 23:42:38 [main] INFO  o.a.catalina.core.StandardEngine - Starting Servlet engine: [Apache Tomcat/10.1.42]
2025-06-23 23:42:38 [main] INFO  o.a.c.c.C.[Tomcat].[localhost].[/] - Initializing Spring embedded WebApplicationContext
2025-06-23 23:42:38 [main] INFO  o.s.b.w.s.c.ServletWebServerApplicationContext - Root WebApplicationContext: initialization completed in 6688 ms
2025-06-23 23:42:40 [main] INFO  o.h.jpa.internal.util.LogHelper - HHH000204: Processing PersistenceUnitInfo [name: default]
2025-06-23 23:42:40 [main] INFO  org.hibernate.Version - HHH000412: Hibernate ORM core version 6.6.18.Final
2025-06-23 23:42:40 [main] INFO  o.h.c.i.RegionFactoryInitiator - HHH000026: Second-level cache disabled
2025-06-23 23:42:41 [main] INFO  o.s.o.j.p.SpringPersistenceUnitInfo - No LoadTimeWeaver setup: ignoring JPA class transformer
2025-06-23 23:42:41 [main] INFO  com.zaxxer.hikari.HikariDataSource - HikariPool-1 - Starting...
2025-06-23 23:42:42 [main] INFO  com.zaxxer.hikari.pool.HikariPool - HikariPool-1 - Added connection org.postgresql.jdbc.PgConnection@2a531637
2025-06-23 23:42:42 [main] INFO  com.zaxxer.hikari.HikariDataSource - HikariPool-1 - Start completed.
2025-06-23 23:42:42 [main] WARN  org.hibernate.orm.deprecation - HHH90000025: PostgreSQLDialect does not need to be specified explicitly using 'hibernate.dialect' (remove the property setting and it will be selected by default)
2025-06-23 23:42:42 [main] INFO  o.hibernate.orm.connections.pooling - HHH10001005: Database info:
	Database JDBC URL [Connecting through datasource 'HikariDataSource (HikariPool-1)']
	Database driver: undefined/unknown
	Database version: 17.5
	Autocommit mode: undefined/unknown
	Isolation level: undefined/unknown
	Minimum pool size: undefined/unknown
	Maximum pool size: undefined/unknown
2025-06-23 23:42:46 [main] INFO  o.h.e.t.j.p.i.JtaPlatformInitiator - HHH000489: No JTA platform available (set 'hibernate.transaction.jta.platform' to enable JTA platform integration)
2025-06-23 23:42:46 [main] INFO  o.s.o.j.LocalContainerEntityManagerFactoryBean - Initialized JPA EntityManagerFactory for persistence unit 'default'
2025-06-23 23:42:48 [main] WARN  o.s.b.a.o.j.JpaBaseConfiguration$JpaWebConfiguration - spring.jpa.open-in-view is enabled by default. Therefore, database queries may be performed during view rendering. Explicitly configure spring.jpa.open-in-view to disable this warning
2025-06-23 23:42:50 [main] INFO  o.s.b.a.e.web.EndpointLinksResolver - Exposing 7 endpoints beneath base path '/actuator'
2025-06-23 23:42:50 [main] INFO  o.s.b.w.e.tomcat.TomcatWebServer - Tomcat started on port 8080 (http) with context path '/'
2025-06-23 23:42:50 [main] INFO  c.e.s.StringbootAppApplication - Started StringbootAppApplication in 20.464 seconds (process running for 22.213)
2025-06-23 23:42:52 [RMI TCP Connection(3)-127.0.0.1] INFO  o.a.c.c.C.[Tomcat].[localhost].[/] - Initializing Spring DispatcherServlet 'dispatcherServlet'
2025-06-23 23:42:52 [RMI TCP Connection(3)-127.0.0.1] INFO  o.s.web.servlet.DispatcherServlet - Initializing Servlet 'dispatcherServlet'
2025-06-23 23:42:52 [RMI TCP Connection(3)-127.0.0.1] INFO  o.s.web.servlet.DispatcherServlet - Completed initialization in 2 ms
2025-06-23 23:45:02 [main] INFO  c.e.s.StringbootAppApplication - Starting StringbootAppApplication using Java 21.0.6 with PID 17240 (C:\Users\ning\Desktop\研修関連\2Jtraining\2J-Ateam-training\stringboot-app\target\classes started by ning in C:\Users\ning\Desktop\研修関連\2Jtraining\2J-Ateam-training\stringboot-app)
2025-06-23 23:45:02 [main] INFO  c.e.s.StringbootAppApplication - No active profile set, falling back to 1 default profile: "default"
2025-06-23 23:45:05 [main] INFO  o.s.d.r.c.RepositoryConfigurationDelegate - Bootstrapping Spring Data JPA repositories in DEFAULT mode.
2025-06-23 23:45:06 [main] INFO  o.s.d.r.c.RepositoryConfigurationDelegate - Finished Spring Data repository scanning in 161 ms. Found 2 JPA repository interfaces.
2025-06-23 23:45:07 [main] INFO  o.s.b.w.e.tomcat.TomcatWebServer - Tomcat initialized with port 8080 (http)
2025-06-23 23:45:07 [main] INFO  o.a.catalina.core.StandardService - Starting service [Tomcat]
2025-06-23 23:45:07 [main] INFO  o.a.catalina.core.StandardEngine - Starting Servlet engine: [Apache Tomcat/10.1.42]
2025-06-23 23:45:08 [main] INFO  o.a.c.c.C.[Tomcat].[localhost].[/] - Initializing Spring embedded WebApplicationContext
2025-06-23 23:45:08 [main] INFO  o.s.b.w.s.c.ServletWebServerApplicationContext - Root WebApplicationContext: initialization completed in 5972 ms
2025-06-23 23:45:09 [main] INFO  o.h.jpa.internal.util.LogHelper - HHH000204: Processing PersistenceUnitInfo [name: default]
2025-06-23 23:45:09 [main] INFO  org.hibernate.Version - HHH000412: Hibernate ORM core version 6.6.18.Final
2025-06-23 23:45:09 [main] INFO  o.h.c.i.RegionFactoryInitiator - HHH000026: Second-level cache disabled
2025-06-23 23:45:10 [main] INFO  o.s.o.j.p.SpringPersistenceUnitInfo - No LoadTimeWeaver setup: ignoring JPA class transformer
2025-06-23 23:45:10 [main] INFO  com.zaxxer.hikari.HikariDataSource - HikariPool-1 - Starting...
2025-06-23 23:45:11 [main] INFO  com.zaxxer.hikari.pool.HikariPool - HikariPool-1 - Added connection org.postgresql.jdbc.PgConnection@3df04fa1
2025-06-23 23:45:11 [main] INFO  com.zaxxer.hikari.HikariDataSource - HikariPool-1 - Start completed.
2025-06-23 23:45:11 [main] WARN  org.hibernate.orm.deprecation - HHH90000025: PostgreSQLDialect does not need to be specified explicitly using 'hibernate.dialect' (remove the property setting and it will be selected by default)
2025-06-23 23:45:11 [main] INFO  o.hibernate.orm.connections.pooling - HHH10001005: Database info:
	Database JDBC URL [Connecting through datasource 'HikariDataSource (HikariPool-1)']
	Database driver: undefined/unknown
	Database version: 17.5
	Autocommit mode: undefined/unknown
	Isolation level: undefined/unknown
	Minimum pool size: undefined/unknown
	Maximum pool size: undefined/unknown
2025-06-23 23:45:15 [main] INFO  o.h.e.t.j.p.i.JtaPlatformInitiator - HHH000489: No JTA platform available (set 'hibernate.transaction.jta.platform' to enable JTA platform integration)
2025-06-23 23:45:15 [main] INFO  o.s.o.j.LocalContainerEntityManagerFactoryBean - Initialized JPA EntityManagerFactory for persistence unit 'default'
2025-06-23 23:45:16 [main] WARN  o.s.b.a.o.j.JpaBaseConfiguration$JpaWebConfiguration - spring.jpa.open-in-view is enabled by default. Therefore, database queries may be performed during view rendering. Explicitly configure spring.jpa.open-in-view to disable this warning
2025-06-23 23:45:18 [main] INFO  o.s.b.a.e.web.EndpointLinksResolver - Exposing 7 endpoints beneath base path '/actuator'
2025-06-23 23:45:19 [main] INFO  o.s.b.w.e.tomcat.TomcatWebServer - Tomcat started on port 8080 (http) with context path '/'
2025-06-23 23:45:19 [main] INFO  c.e.s.StringbootAppApplication - Started StringbootAppApplication in 18.326 seconds (process running for 19.764)
2025-06-23 23:45:20 [RMI TCP Connection(2)-127.0.0.1] INFO  o.a.c.c.C.[Tomcat].[localhost].[/] - Initializing Spring DispatcherServlet 'dispatcherServlet'
2025-06-23 23:45:20 [RMI TCP Connection(2)-127.0.0.1] INFO  o.s.web.servlet.DispatcherServlet - Initializing Servlet 'dispatcherServlet'
2025-06-23 23:45:20 [RMI TCP Connection(2)-127.0.0.1] INFO  o.s.web.servlet.DispatcherServlet - Completed initialization in 3 ms
2025-06-23 23:47:20 [http-nio-8080-exec-2] DEBUG org.hibernate.SQL - 
    select
        p1_0.id,
        p1_0.question,
        p1_0.thcount 
    from
        nei_polls p1_0 
    order by
        p1_0.id
2025-06-23 23:47:30 [http-nio-8080-exec-4] DEBUG org.hibernate.SQL - 
    select
        p1_0.id,
        p1_0.question,
        p1_0.thcount 
    from
        nei_polls p1_0 
    where
        p1_0.id=?
2025-06-23 23:47:30 [http-nio-8080-exec-4] DEBUG org.hibernate.SQL - 
    update
        nei_polls 
    set
        question=?,
        thcount=? 
    where
        id=?
2025-06-23 23:47:30 [http-nio-8080-exec-4] DEBUG org.hibernate.SQL - 
    select
        p1_0.id,
        p1_0.question,
        p1_0.thcount 
    from
        nei_polls p1_0 
    where
        p1_0.id=?
2025-06-23 23:47:30 [http-nio-8080-exec-4] DEBUG org.hibernate.SQL - 
    update
        nei_polls 
    set
        question=?,
        thcount=? 
    where
        id=?
2025-06-23 23:47:30 [http-nio-8080-exec-4] DEBUG org.hibernate.SQL - 
    select
        p1_0.id,
        p1_0.question,
        p1_0.thcount 
    from
        nei_polls p1_0 
    where
        p1_0.id=?
2025-06-23 23:47:30 [http-nio-8080-exec-4] DEBUG org.hibernate.SQL - 
    update
        nei_polls 
    set
        question=?,
        thcount=? 
    where
        id=?
2025-06-23 23:47:37 [http-nio-8080-exec-5] DEBUG org.hibernate.SQL - 
    select
        p1_0.id,
        p1_0.question,
        p1_0.thcount 
    from
        nei_polls p1_0 
    order by
        p1_0.id
